{"total": {"lines":{"total":221,"covered":188,"skipped":0,"pct":85.06},"statements":{"total":223,"covered":190,"skipped":0,"pct":85.2},"functions":{"total":51,"covered":42,"skipped":0,"pct":82.35},"branches":{"total":195,"covered":172,"skipped":0,"pct":88.2},"branchesTrue":{"total":0,"covered":0,"skipped":0,"pct":100}}
,"/home/obsidian/Projects/BackyardBBQ/packages/delivery-channels/src/index.ts": {"lines":{"total":62,"covered":43,"skipped":0,"pct":69.35},"functions":{"total":16,"covered":11,"skipped":0,"pct":68.75},"statements":{"total":63,"covered":44,"skipped":0,"pct":69.84},"branches":{"total":38,"covered":32,"skipped":0,"pct":84.21}}
,"/home/obsidian/Projects/BackyardBBQ/packages/delivery-channels/src/clients/base-client.ts": {"lines":{"total":28,"covered":27,"skipped":0,"pct":96.42},"functions":{"total":5,"covered":4,"skipped":0,"pct":80},"statements":{"total":29,"covered":28,"skipped":0,"pct":96.55},"branches":{"total":20,"covered":19,"skipped":0,"pct":95}}
,"/home/obsidian/Projects/BackyardBBQ/packages/delivery-channels/src/clients/doordash-client.ts": {"lines":{"total":56,"covered":54,"skipped":0,"pct":96.42},"functions":{"total":11,"covered":11,"skipped":0,"pct":100},"statements":{"total":56,"covered":54,"skipped":0,"pct":96.42},"branches":{"total":63,"covered":59,"skipped":0,"pct":93.65}}
,"/home/obsidian/Projects/BackyardBBQ/packages/delivery-channels/src/clients/grubhub-client.ts": {"lines":{"total":32,"covered":27,"skipped":0,"pct":84.37},"functions":{"total":9,"covered":8,"skipped":0,"pct":88.88},"statements":{"total":32,"covered":27,"skipped":0,"pct":84.37},"branches":{"total":36,"covered":30,"skipped":0,"pct":83.33}}
,"/home/obsidian/Projects/BackyardBBQ/packages/delivery-channels/src/clients/index.ts": {"lines":{"total":5,"covered":5,"skipped":0,"pct":100},"functions":{"total":0,"covered":0,"skipped":0,"pct":100},"statements":{"total":5,"covered":5,"skipped":0,"pct":100},"branches":{"total":0,"covered":0,"skipped":0,"pct":100}}
,"/home/obsidian/Projects/BackyardBBQ/packages/delivery-channels/src/clients/status-mapping.ts": {"lines":{"total":6,"covered":6,"skipped":0,"pct":100},"functions":{"total":1,"covered":1,"skipped":0,"pct":100},"statements":{"total":6,"covered":6,"skipped":0,"pct":100},"branches":{"total":2,"covered":2,"skipped":0,"pct":100}}
,"/home/obsidian/Projects/BackyardBBQ/packages/delivery-channels/src/clients/ubereats-client.ts": {"lines":{"total":32,"covered":26,"skipped":0,"pct":81.25},"functions":{"total":9,"covered":7,"skipped":0,"pct":77.77},"statements":{"total":32,"covered":26,"skipped":0,"pct":81.25},"branches":{"total":36,"covered":30,"skipped":0,"pct":83.33}}
}
