{"/home/obsidian/Projects/BackyardBBQ/packages/delivery-channels/src/index.ts": {"path":"/home/obsidian/Projects/BackyardBBQ/packages/delivery-channels/src/index.ts","statementMap":{"0":{"start":{"line":265,"column":0},"end":{"line":265,"column":16}},"1":{"start":{"line":1,"column":0},"end":{"line":1,"column":null}},"2":{"start":{"line":16,"column":0},"end":{"line":16,"column":32}},"3":{"start":{"line":18,"column":13},"end":{"line":18,"column":77}},"4":{"start":{"line":79,"column":69},"end":{"line":98,"column":2}},"5":{"start":{"line":100,"column":40},"end":{"line":104,"column":2}},"6":{"start":{"line":107,"column":19},"end":{"line":107,"column":48}},"7":{"start":{"line":110,"column":4},"end":{"line":110,"column":34}},"8":{"start":{"line":114,"column":4},"end":{"line":114,"column":27}},"9":{"start":{"line":119,"column":13},"end":{"line":119,"column":14}},"10":{"start":{"line":120,"column":2},"end":{"line":122,"column":3}},"11":{"start":{"line":120,"column":19},"end":{"line":120,"column":20}},"12":{"start":{"line":121,"column":4},"end":{"line":121,"column":59}},"13":{"start":{"line":123,"column":2},"end":{"line":123,"column":14}},"14":{"start":{"line":131,"column":16},"end":{"line":131,"column":94}},"15":{"start":{"line":133,"column":24},"end":{"line":133,"column":98}},"16":{"start":{"line":135,"column":4},"end":{"line":136,"column":81}},"17":{"start":{"line":138,"column":2},"end":{"line":140,"column":3}},"18":{"start":{"line":139,"column":4},"end":{"line":139,"column":54}},"19":{"start":{"line":142,"column":2},"end":{"line":144,"column":3}},"20":{"start":{"line":143,"column":4},"end":{"line":143,"column":55}},"21":{"start":{"line":146,"column":2},"end":{"line":146,"column":43}},"22":{"start":{"line":151,"column":20},"end":{"line":151,"column":30}},"23":{"start":{"line":152,"column":6},"end":{"line":152,"column":54}},"24":{"start":{"line":153,"column":6},"end":{"line":153,"column":47}},"25":{"start":{"line":169,"column":4},"end":{"line":169,"column":33}},"26":{"start":{"line":170,"column":4},"end":{"line":170,"column":47}},"27":{"start":{"line":171,"column":4},"end":{"line":171,"column":31}},"28":{"start":{"line":172,"column":4},"end":{"line":172,"column":41}},"29":{"start":{"line":173,"column":4},"end":{"line":173,"column":51}},"30":{"start":{"line":177,"column":4},"end":{"line":183,"column":5}},"31":{"start":{"line":178,"column":6},"end":{"line":182,"column":8}},"32":{"start":{"line":185,"column":19},"end":{"line":185,"column":20}},"33":{"start":{"line":186,"column":25},"end":{"line":186,"column":26}},"34":{"start":{"line":188,"column":4},"end":{"line":212,"column":5}},"35":{"start":{"line":189,"column":28},"end":{"line":189,"column":76}},"36":{"start":{"line":190,"column":6},"end":{"line":190,"column":48}},"37":{"start":{"line":192,"column":6},"end":{"line":199,"column":7}},"38":{"start":{"line":193,"column":8},"end":{"line":193,"column":69}},"39":{"start":{"line":194,"column":8},"end":{"line":198,"column":10}},"40":{"start":{"line":201,"column":6},"end":{"line":208,"column":7}},"41":{"start":{"line":202,"column":8},"end":{"line":207,"column":10}},"42":{"start":{"line":210,"column":6},"end":{"line":211,"column":100}},"43":{"start":{"line":214,"column":4},"end":{"line":219,"column":6}},"44":{"start":{"line":223,"column":4},"end":{"line":223,"column":61}},"45":{"start":{"line":227,"column":18},"end":{"line":227,"column":28}},"46":{"start":{"line":228,"column":4},"end":{"line":228,"column":51}},"47":{"start":{"line":229,"column":4},"end":{"line":229,"column":45}},"48":{"start":{"line":233,"column":18},"end":{"line":233,"column":28}},"49":{"start":{"line":234,"column":4},"end":{"line":234,"column":53}},"50":{"start":{"line":235,"column":4},"end":{"line":235,"column":45}},"51":{"start":{"line":239,"column":18},"end":{"line":239,"column":28}},"52":{"start":{"line":240,"column":4},"end":{"line":240,"column":53}},"53":{"start":{"line":241,"column":4},"end":{"line":241,"column":45}},"54":{"start":{"line":245,"column":18},"end":{"line":245,"column":28}},"55":{"start":{"line":246,"column":4},"end":{"line":246,"column":60}},"56":{"start":{"line":247,"column":4},"end":{"line":247,"column":45}},"57":{"start":{"line":251,"column":4},"end":{"line":251,"column":45}},"58":{"start":{"line":258,"column":2},"end":{"line":262,"column":4}},"59":{"start":{"line":269,"column":19},"end":{"line":271,"column":null}},"60":{"start":{"line":273,"column":27},"end":{"line":273,"column":57}},"61":{"start":{"line":274,"column":26},"end":{"line":274,"column":82}},"62":{"start":{"line":276,"column":2},"end":{"line":298,"column":4}}},"fnMap":{"0":{"name":"(anonymous_11)","decl":{"start":{"line":106,"column":0},"end":{"line":106,"column":6}},"loc":{"start":{"line":106,"column":0},"end":{"line":116,"column":1}}},"1":{"name":"(anonymous_12)","decl":{"start":{"line":109,"column":2},"end":{"line":109,"column":5}},"loc":{"start":{"line":109,"column":17},"end":{"line":111,"column":3}}},"2":{"name":"(anonymous_13)","decl":{"start":{"line":113,"column":2},"end":{"line":113,"column":15}},"loc":{"start":{"line":113,"column":27},"end":{"line":115,"column":3}}},"3":{"name":"stableHash","decl":{"start":{"line":118,"column":9},"end":{"line":118,"column":19}},"loc":{"start":{"line":118,"column":33},"end":{"line":124,"column":1}}},"4":{"name":"evaluateAttempt","decl":{"start":{"line":126,"column":9},"end":{"line":126,"column":24}},"loc":{"start":{"line":129,"column":17},"end":{"line":147,"column":1}}},"5":{"name":"(anonymous_16)","decl":{"start":{"line":150,"column":10},"end":{"line":150,"column":24}},"loc":{"start":{"line":150,"column":55},"end":{"line":154,"column":null}}},"6":{"name":"(anonymous_18)","decl":{"start":{"line":162,"column":2},"end":{"line":162,"column":14}},"loc":{"start":{"line":168,"column":3},"end":{"line":174,"column":3}}},"7":{"name":"(anonymous_19)","decl":{"start":{"line":176,"column":8},"end":{"line":176,"column":19}},"loc":{"start":{"line":176,"column":50},"end":{"line":220,"column":null}}},"8":{"name":"(anonymous_21)","decl":{"start":{"line":222,"column":8},"end":{"line":222,"column":30}},"loc":{"start":{"line":222,"column":67},"end":{"line":224,"column":null}}},"9":{"name":"(anonymous_23)","decl":{"start":{"line":226,"column":8},"end":{"line":226,"column":21}},"loc":{"start":{"line":226,"column":50},"end":{"line":230,"column":null}}},"10":{"name":"(anonymous_25)","decl":{"start":{"line":232,"column":8},"end":{"line":232,"column":23}},"loc":{"start":{"line":232,"column":55},"end":{"line":236,"column":null}}},"11":{"name":"(anonymous_27)","decl":{"start":{"line":238,"column":8},"end":{"line":238,"column":23}},"loc":{"start":{"line":238,"column":54},"end":{"line":242,"column":null}}},"12":{"name":"(anonymous_29)","decl":{"start":{"line":244,"column":8},"end":{"line":244,"column":27}},"loc":{"start":{"line":244,"column":58},"end":{"line":248,"column":null}}},"13":{"name":"(anonymous_31)","decl":{"start":{"line":250,"column":8},"end":{"line":250,"column":19}},"loc":{"start":{"line":250,"column":19},"end":{"line":252,"column":null}}},"14":{"name":"createProviderClients","decl":{"start":{"line":255,"column":9},"end":{"line":255,"column":30}},"loc":{"start":{"line":256,"column":85},"end":{"line":263,"column":1}}},"15":{"name":"createDeliveryChannelAdapters","decl":{"start":{"line":265,"column":16},"end":{"line":265,"column":45}},"loc":{"start":{"line":268,"column":1},"end":{"line":299,"column":1}}}},"branchMap":{"0":{"loc":{"start":{"line":138,"column":2},"end":{"line":140,"column":3}},"type":"if","locations":[{"start":{"line":138,"column":2},"end":{"line":140,"column":3}},{"start":{},"end":{}}]},"1":{"loc":{"start":{"line":142,"column":2},"end":{"line":144,"column":3}},"type":"if","locations":[{"start":{"line":142,"column":2},"end":{"line":144,"column":3}},{"start":{},"end":{}}]},"2":{"loc":{"start":{"line":177,"column":4},"end":{"line":183,"column":5}},"type":"if","locations":[{"start":{"line":177,"column":4},"end":{"line":183,"column":5}},{"start":{},"end":{}}]},"3":{"loc":{"start":{"line":192,"column":6},"end":{"line":199,"column":7}},"type":"if","locations":[{"start":{"line":192,"column":6},"end":{"line":199,"column":7}},{"start":{},"end":{}}]},"4":{"loc":{"start":{"line":201,"column":6},"end":{"line":208,"column":7}},"type":"if","locations":[{"start":{"line":201,"column":6},"end":{"line":208,"column":7}},{"start":{},"end":{}}]},"5":{"loc":{"start":{"line":259,"column":33},"end":{"line":259,"column":80}},"type":"cond-expr","locations":[{"start":{"line":259,"column":62},"end":{"line":259,"column":66}},{"start":{"line":259,"column":66},"end":{"line":259,"column":80}}]},"6":{"loc":{"start":{"line":259,"column":33},"end":{"line":259,"column":66}},"type":"binary-expr","locations":[{"start":{"line":259,"column":33},"end":{"line":259,"column":66}},{"start":{"line":259,"column":62},"end":{"line":259,"column":66}}]},"7":{"loc":{"start":{"line":260,"column":33},"end":{"line":260,"column":80}},"type":"cond-expr","locations":[{"start":{"line":260,"column":62},"end":{"line":260,"column":66}},{"start":{"line":260,"column":66},"end":{"line":260,"column":80}}]},"8":{"loc":{"start":{"line":260,"column":33},"end":{"line":260,"column":66}},"type":"binary-expr","locations":[{"start":{"line":260,"column":33},"end":{"line":260,"column":66}},{"start":{"line":260,"column":62},"end":{"line":260,"column":66}}]},"9":{"loc":{"start":{"line":261,"column":31},"end":{"line":261,"column":77}},"type":"cond-expr","locations":[{"start":{"line":261,"column":59},"end":{"line":261,"column":63}},{"start":{"line":261,"column":63},"end":{"line":261,"column":77}}]},"10":{"loc":{"start":{"line":261,"column":31},"end":{"line":261,"column":63}},"type":"binary-expr","locations":[{"start":{"line":261,"column":31},"end":{"line":261,"column":63}},{"start":{"line":261,"column":59},"end":{"line":261,"column":63}}]},"11":{"loc":{"start":{"line":271,"column":8},"end":{"line":271,"column":32}},"type":"cond-expr","locations":[{"start":{"line":271,"column":26},"end":{"line":271,"column":30}},{"start":{"line":271,"column":30},"end":{"line":271,"column":32}}]},"12":{"loc":{"start":{"line":271,"column":8},"end":{"line":271,"column":30}},"type":"binary-expr","locations":[{"start":{"line":271,"column":8},"end":{"line":271,"column":30}},{"start":{"line":271,"column":26},"end":{"line":271,"column":30}}]},"13":{"loc":{"start":{"line":271,"column":8},"end":{"line":271,"column":26}},"type":"cond-expr","locations":[{"start":{"line":271,"column":13},"end":{"line":271,"column":15}},{"start":{"line":271,"column":8},"end":{"line":271,"column":26}}]},"14":{"loc":{"start":{"line":271,"column":8},"end":{"line":271,"column":15}},"type":"binary-expr","locations":[{"start":{"line":271,"column":8},"end":{"line":271,"column":15}},{"start":{"line":271,"column":8},"end":{"line":271,"column":15}}]},"15":{"loc":{"start":{"line":274,"column":48},"end":{"line":274,"column":81}},"type":"cond-expr","locations":[{"start":{"line":274,"column":75},"end":{"line":274,"column":79}},{"start":{"line":274,"column":79},"end":{"line":274,"column":81}}]},"16":{"loc":{"start":{"line":274,"column":48},"end":{"line":274,"column":79}},"type":"binary-expr","locations":[{"start":{"line":274,"column":48},"end":{"line":274,"column":79}},{"start":{"line":274,"column":75},"end":{"line":274,"column":79}}]},"17":{"loc":{"start":{"line":274,"column":48},"end":{"line":274,"column":75}},"type":"cond-expr","locations":[{"start":{"line":274,"column":53},"end":{"line":274,"column":55}},{"start":{"line":274,"column":48},"end":{"line":274,"column":75}}]},"18":{"loc":{"start":{"line":274,"column":48},"end":{"line":274,"column":55}},"type":"binary-expr","locations":[{"start":{"line":274,"column":48},"end":{"line":274,"column":55}},{"start":{"line":274,"column":48},"end":{"line":274,"column":55}}]}},"s":{"0":1,"1":1,"2":1,"3":1,"4":1,"5":1,"6":36,"7":32,"8":24,"9":92,"10":92,"11":92,"12":2814,"13":92,"14":46,"15":46,"16":46,"17":46,"18":1,"19":45,"20":21,"21":24,"22":1,"23":1,"24":1,"25":108,"26":108,"27":108,"28":108,"29":108,"30":32,"31":1,"32":31,"33":31,"34":31,"35":46,"36":46,"37":46,"38":24,"39":24,"40":22,"41":1,"42":21,"43":6,"44":1,"45":1,"46":1,"47":1,"48":1,"49":1,"50":1,"51":1,"52":1,"53":1,"54":1,"55":1,"56":1,"57":1,"58":36,"59":36,"60":36,"61":36,"62":36},"f":{"0":36,"1":32,"2":24,"3":92,"4":46,"5":1,"6":108,"7":32,"8":1,"9":1,"10":1,"11":1,"12":1,"13":1,"14":36,"15":36},"b":{"0":[1,45],"1":[21,24],"2":[1,31],"3":[24,22],"4":[1,21],"5":[35,1],"6":[36,36],"7":[35,1],"8":[36,36],"9":[35,1],"10":[36,36],"11":[30,6],"12":[36,36],"13":[1,35],"14":[36,36],"15":[35,1],"16":[36,36],"17":[1,35],"18":[36,36]}}
,"/home/obsidian/Projects/BackyardBBQ/packages/delivery-channels/src/clients/base-client.ts": {"path":"/home/obsidian/Projects/BackyardBBQ/packages/delivery-channels/src/clients/base-client.ts","statementMap":{"0":{"start":{"line":97,"column":0},"end":{"line":97,"column":16}},"1":{"start":{"line":119,"column":0},"end":{"line":119,"column":22}},"2":{"start":{"line":158,"column":0},"end":{"line":158,"column":16}},"3":{"start":{"line":10,"column":0},"end":{"line":10,"column":58}},"4":{"start":{"line":102,"column":2},"end":{"line":104,"column":3}},"5":{"start":{"line":103,"column":4},"end":{"line":103,"column":17}},"6":{"start":{"line":106,"column":30},"end":{"line":106,"column":83}},"7":{"start":{"line":107,"column":19},"end":{"line":107,"column":97}},"8":{"start":{"line":109,"column":19},"end":{"line":109,"column":58}},"9":{"start":{"line":110,"column":19},"end":{"line":110,"column":47}},"10":{"start":{"line":112,"column":2},"end":{"line":114,"column":3}},"11":{"start":{"line":113,"column":4},"end":{"line":113,"column":17}},"12":{"start":{"line":116,"column":2},"end":{"line":116,"column":45}},"13":{"start":{"line":126,"column":20},"end":{"line":126,"column":43}},"14":{"start":{"line":127,"column":21},"end":{"line":127,"column":42}},"15":{"start":{"line":128,"column":16},"end":{"line":130,"column":15}},"16":{"start":{"line":129,"column":4},"end":{"line":129,"column":23}},"17":{"start":{"line":132,"column":2},"end":{"line":155,"column":3}},"18":{"start":{"line":133,"column":21},"end":{"line":141,"column":6}},"19":{"start":{"line":143,"column":4},"end":{"line":146,"column":5}},"20":{"start":{"line":144,"column":27},"end":{"line":144,"column":48}},"21":{"start":{"line":145,"column":6},"end":{"line":145,"column":87}},"22":{"start":{"line":148,"column":4},"end":{"line":150,"column":5}},"23":{"start":{"line":149,"column":6},"end":{"line":149,"column":18}},"24":{"start":{"line":152,"column":4},"end":{"line":152,"column":45}},"25":{"start":{"line":152,"column":39},"end":{"line":152,"column":43}},"26":{"start":{"line":154,"column":4},"end":{"line":154,"column":24}},"27":{"start":{"line":159,"column":64},"end":{"line":163,"column":4}},"28":{"start":{"line":165,"column":2},"end":{"line":168,"column":4}}},"fnMap":{"0":{"name":"verifyWebhookHmac","decl":{"start":{"line":97,"column":16},"end":{"line":97,"column":33}},"loc":{"start":{"line":101,"column":1},"end":{"line":117,"column":1}}},"1":{"name":"performProviderRequest","decl":{"start":{"line":119,"column":22},"end":{"line":119,"column":44}},"loc":{"start":{"line":125,"column":1},"end":{"line":156,"column":null}}},"2":{"name":"(anonymous_10)","decl":{"start":{"line":128,"column":27},"end":{"line":128,"column":30}},"loc":{"start":{"line":128,"column":32},"end":{"line":130,"column":3}}},"3":{"name":"(anonymous_11)","decl":{"start":{"line":152,"column":33},"end":{"line":152,"column":36}},"loc":{"start":{"line":152,"column":39},"end":{"line":152,"column":43}}},"4":{"name":"buildSimulatedHealth","decl":{"start":{"line":158,"column":16},"end":{"line":158,"column":36}},"loc":{"start":{"line":158,"column":61},"end":{"line":169,"column":1}}}},"branchMap":{"0":{"loc":{"start":{"line":102,"column":2},"end":{"line":104,"column":3}},"type":"if","locations":[{"start":{"line":102,"column":2},"end":{"line":104,"column":3}},{"start":{},"end":{}}]},"1":{"loc":{"start":{"line":102,"column":6},"end":{"line":102,"column":69}},"type":"binary-expr","locations":[{"start":{"line":102,"column":6},"end":{"line":102,"column":22}},{"start":{"line":102,"column":26},"end":{"line":102,"column":39}},{"start":{"line":102,"column":43},"end":{"line":102,"column":69}}]},"2":{"loc":{"start":{"line":112,"column":2},"end":{"line":114,"column":3}},"type":"if","locations":[{"start":{"line":112,"column":2},"end":{"line":114,"column":3}},{"start":{},"end":{}}]},"3":{"loc":{"start":{"line":112,"column":6},"end":{"line":112,"column":91}},"type":"binary-expr","locations":[{"start":{"line":112,"column":6},"end":{"line":112,"column":27}},{"start":{"line":112,"column":31},"end":{"line":112,"column":52}},{"start":{"line":112,"column":56},"end":{"line":112,"column":91}}]},"4":{"loc":{"start":{"line":126,"column":20},"end":{"line":126,"column":43}},"type":"cond-expr","locations":[{"start":{"line":126,"column":35},"end":{"line":126,"column":39}},{"start":{"line":126,"column":39},"end":{"line":126,"column":43}}]},"5":{"loc":{"start":{"line":126,"column":20},"end":{"line":126,"column":39}},"type":"binary-expr","locations":[{"start":{"line":126,"column":20},"end":{"line":126,"column":39}},{"start":{"line":126,"column":35},"end":{"line":126,"column":39}}]},"6":{"loc":{"start":{"line":139,"column":12},"end":{"line":139,"column":63}},"type":"cond-expr","locations":[{"start":{"line":139,"column":25},"end":{"line":139,"column":51}},{"start":{"line":139,"column":54},"end":{"line":139,"column":63}}]},"7":{"loc":{"start":{"line":143,"column":4},"end":{"line":146,"column":5}},"type":"if","locations":[{"start":{"line":143,"column":4},"end":{"line":146,"column":5}},{"start":{},"end":{}}]},"8":{"loc":{"start":{"line":148,"column":4},"end":{"line":150,"column":5}},"type":"if","locations":[{"start":{"line":148,"column":4},"end":{"line":150,"column":5}},{"start":{},"end":{}}]}},"s":{"0":5,"1":5,"2":5,"3":5,"4":24,"5":6,"6":18,"7":18,"8":18,"9":18,"10":18,"11":5,"12":13,"13":5,"14":5,"15":5,"16":1,"17":5,"18":5,"19":4,"20":1,"21":1,"22":3,"23":1,"24":2,"25":1,"26":5,"27":7,"28":7},"f":{"0":24,"1":5,"2":1,"3":1,"4":7},"b":{"0":[6,18],"1":[24,22,20],"2":[5,13],"3":[18,16,16],"4":[1,4],"5":[5,5],"6":[1,4],"7":[1,3],"8":[1,2]}}
,"/home/obsidian/Projects/BackyardBBQ/packages/delivery-channels/src/clients/doordash-client.ts": {"path":"/home/obsidian/Projects/BackyardBBQ/packages/delivery-channels/src/clients/doordash-client.ts","statementMap":{"0":{"start":{"line":1,"column":0},"end":{"line":1,"column":null}},"1":{"start":{"line":16,"column":0},"end":{"line":16,"column":41}},"2":{"start":{"line":17,"column":0},"end":{"line":17,"column":60}},"3":{"start":{"line":24,"column":31},"end":{"line":24,"column":71}},"4":{"start":{"line":20,"column":11},"end":{"line":20,"column":41}},"5":{"start":{"line":25,"column":4},"end":{"line":25,"column":95}},"6":{"start":{"line":29,"column":24},"end":{"line":29,"column":65}},"7":{"start":{"line":30,"column":18},"end":{"line":30,"column":49}},"8":{"start":{"line":31,"column":26},"end":{"line":31,"column":60}},"9":{"start":{"line":33,"column":4},"end":{"line":35,"column":5}},"10":{"start":{"line":34,"column":6},"end":{"line":34,"column":18}},"11":{"start":{"line":37,"column":16},"end":{"line":37,"column":45}},"12":{"start":{"line":38,"column":19},"end":{"line":42,"column":6}},"13":{"start":{"line":43,"column":20},"end":{"line":49,"column":6}},"14":{"start":{"line":51,"column":22},"end":{"line":56,"column":28}},"15":{"start":{"line":52,"column":6},"end":{"line":56,"column":28}},"16":{"start":{"line":58,"column":25},"end":{"line":58,"column":101}},"17":{"start":{"line":59,"column":24},"end":{"line":59,"column":63}},"18":{"start":{"line":60,"column":22},"end":{"line":60,"column":85}},"19":{"start":{"line":62,"column":4},"end":{"line":62,"column":53}},"20":{"start":{"line":66,"column":4},"end":{"line":70,"column":7}},"21":{"start":{"line":74,"column":28},"end":{"line":74,"column":79}},"22":{"start":{"line":75,"column":4},"end":{"line":77,"column":5}},"23":{"start":{"line":76,"column":6},"end":{"line":76,"column":68}},"24":{"start":{"line":79,"column":4},"end":{"line":85,"column":6}},"25":{"start":{"line":89,"column":4},"end":{"line":93,"column":7}},"26":{"start":{"line":97,"column":112},"end":{"line":105,"column":6}},"27":{"start":{"line":107,"column":4},"end":{"line":112,"column":7}},"28":{"start":{"line":116,"column":4},"end":{"line":118,"column":5}},"29":{"start":{"line":117,"column":6},"end":{"line":117,"column":13}},"30":{"start":{"line":120,"column":22},"end":{"line":120,"column":43}},"31":{"start":{"line":121,"column":4},"end":{"line":123,"column":5}},"32":{"start":{"line":122,"column":6},"end":{"line":122,"column":13}},"33":{"start":{"line":125,"column":19},"end":{"line":129,"column":6}},"34":{"start":{"line":131,"column":4},"end":{"line":140,"column":7}},"35":{"start":{"line":144,"column":4},"end":{"line":146,"column":5}},"36":{"start":{"line":145,"column":6},"end":{"line":145,"column":13}},"37":{"start":{"line":150,"column":4},"end":{"line":150,"column":15}},"38":{"start":{"line":154,"column":4},"end":{"line":156,"column":5}},"39":{"start":{"line":155,"column":6},"end":{"line":155,"column":13}},"40":{"start":{"line":158,"column":22},"end":{"line":158,"column":43}},"41":{"start":{"line":159,"column":4},"end":{"line":161,"column":5}},"42":{"start":{"line":160,"column":6},"end":{"line":160,"column":13}},"43":{"start":{"line":163,"column":4},"end":{"line":172,"column":7}},"44":{"start":{"line":176,"column":4},"end":{"line":182,"column":5}},"45":{"start":{"line":177,"column":6},"end":{"line":181,"column":8}},"46":{"start":{"line":184,"column":22},"end":{"line":184,"column":43}},"47":{"start":{"line":185,"column":4},"end":{"line":191,"column":5}},"48":{"start":{"line":186,"column":6},"end":{"line":190,"column":8}},"49":{"start":{"line":193,"column":18},"end":{"line":193,"column":28}},"50":{"start":{"line":194,"column":4},"end":{"line":212,"column":5}},"51":{"start":{"line":195,"column":6},"end":{"line":199,"column":9}},"52":{"start":{"line":201,"column":6},"end":{"line":204,"column":8}},"53":{"start":{"line":206,"column":23},"end":{"line":206,"column":57}},"54":{"start":{"line":207,"column":6},"end":{"line":211,"column":8}},"55":{"start":{"line":19,"column":0},"end":{"line":19,"column":13}}},"fnMap":{"0":{"name":"(anonymous_7)","decl":{"start":{"line":24,"column":2},"end":{"line":24,"column":31}},"loc":{"start":{"line":24,"column":71},"end":{"line":26,"column":3}}},"1":{"name":"(anonymous_8)","decl":{"start":{"line":28,"column":10},"end":{"line":28,"column":24}},"loc":{"start":{"line":28,"column":24},"end":{"line":63,"column":3}}},"2":{"name":"(anonymous_9)","decl":{"start":{"line":51,"column":22},"end":{"line":51,"column":23}},"loc":{"start":{"line":52,"column":6},"end":{"line":56,"column":28}}},"3":{"name":"(anonymous_10)","decl":{"start":{"line":65,"column":8},"end":{"line":65,"column":30}},"loc":{"start":{"line":65,"column":67},"end":{"line":71,"column":null}}},"4":{"name":"(anonymous_12)","decl":{"start":{"line":73,"column":8},"end":{"line":73,"column":25}},"loc":{"start":{"line":73,"column":58},"end":{"line":86,"column":null}}},"5":{"name":"(anonymous_14)","decl":{"start":{"line":88,"column":8},"end":{"line":88,"column":21}},"loc":{"start":{"line":88,"column":50},"end":{"line":94,"column":null}}},"6":{"name":"(anonymous_16)","decl":{"start":{"line":96,"column":8},"end":{"line":96,"column":23}},"loc":{"start":{"line":96,"column":55},"end":{"line":113,"column":null}}},"7":{"name":"(anonymous_18)","decl":{"start":{"line":115,"column":8},"end":{"line":115,"column":23}},"loc":{"start":{"line":115,"column":55},"end":{"line":141,"column":null}}},"8":{"name":"(anonymous_20)","decl":{"start":{"line":143,"column":8},"end":{"line":143,"column":22}},"loc":{"start":{"line":143,"column":53},"end":{"line":151,"column":null}}},"9":{"name":"(anonymous_22)","decl":{"start":{"line":153,"column":8},"end":{"line":153,"column":27}},"loc":{"start":{"line":153,"column":59},"end":{"line":173,"column":null}}},"10":{"name":"(anonymous_24)","decl":{"start":{"line":175,"column":8},"end":{"line":175,"column":19}},"loc":{"start":{"line":175,"column":19},"end":{"line":213,"column":null}}}},"branchMap":{"0":{"loc":{"start":{"line":25,"column":19},"end":{"line":25,"column":94}},"type":"binary-expr","locations":[{"start":{"line":25,"column":19},"end":{"line":25,"column":60}},{"start":{"line":25,"column":64},"end":{"line":25,"column":94}}]},"1":{"loc":{"start":{"line":25,"column":19},"end":{"line":25,"column":60}},"type":"cond-expr","locations":[{"start":{"line":25,"column":52},"end":{"line":25,"column":54}},{"start":{"line":25,"column":52},"end":{"line":25,"column":60}}]},"2":{"loc":{"start":{"line":25,"column":19},"end":{"line":25,"column":54}},"type":"binary-expr","locations":[{"start":{"line":25,"column":19},"end":{"line":25,"column":54}},{"start":{"line":25,"column":52},"end":{"line":25,"column":54}}]},"3":{"loc":{"start":{"line":29,"column":24},"end":{"line":29,"column":65}},"type":"cond-expr","locations":[{"start":{"line":29,"column":57},"end":{"line":29,"column":59}},{"start":{"line":29,"column":57},"end":{"line":29,"column":65}}]},"4":{"loc":{"start":{"line":29,"column":24},"end":{"line":29,"column":59}},"type":"binary-expr","locations":[{"start":{"line":29,"column":24},"end":{"line":29,"column":59}},{"start":{"line":29,"column":57},"end":{"line":29,"column":59}}]},"5":{"loc":{"start":{"line":30,"column":18},"end":{"line":30,"column":49}},"type":"cond-expr","locations":[{"start":{"line":30,"column":41},"end":{"line":30,"column":43}},{"start":{"line":30,"column":41},"end":{"line":30,"column":49}}]},"6":{"loc":{"start":{"line":30,"column":18},"end":{"line":30,"column":43}},"type":"binary-expr","locations":[{"start":{"line":30,"column":18},"end":{"line":30,"column":43}},{"start":{"line":30,"column":41},"end":{"line":30,"column":43}}]},"7":{"loc":{"start":{"line":31,"column":26},"end":{"line":31,"column":60}},"type":"cond-expr","locations":[{"start":{"line":31,"column":52},"end":{"line":31,"column":54}},{"start":{"line":31,"column":52},"end":{"line":31,"column":60}}]},"8":{"loc":{"start":{"line":31,"column":26},"end":{"line":31,"column":54}},"type":"binary-expr","locations":[{"start":{"line":31,"column":26},"end":{"line":31,"column":54}},{"start":{"line":31,"column":52},"end":{"line":31,"column":54}}]},"9":{"loc":{"start":{"line":33,"column":4},"end":{"line":35,"column":5}},"type":"if","locations":[{"start":{"line":33,"column":4},"end":{"line":35,"column":5}},{"start":{},"end":{}}]},"10":{"loc":{"start":{"line":33,"column":8},"end":{"line":33,"column":48}},"type":"binary-expr","locations":[{"start":{"line":33,"column":8},"end":{"line":33,"column":20}},{"start":{"line":33,"column":24},"end":{"line":33,"column":30}},{"start":{"line":33,"column":34},"end":{"line":33,"column":48}}]},"11":{"loc":{"start":{"line":74,"column":35},"end":{"line":74,"column":78}},"type":"cond-expr","locations":[{"start":{"line":74,"column":72},"end":{"line":74,"column":76}},{"start":{"line":74,"column":76},"end":{"line":74,"column":78}}]},"12":{"loc":{"start":{"line":74,"column":35},"end":{"line":74,"column":76}},"type":"binary-expr","locations":[{"start":{"line":74,"column":35},"end":{"line":74,"column":76}},{"start":{"line":74,"column":72},"end":{"line":74,"column":76}}]},"13":{"loc":{"start":{"line":74,"column":35},"end":{"line":74,"column":72}},"type":"cond-expr","locations":[{"start":{"line":74,"column":58},"end":{"line":74,"column":62}},{"start":{"line":74,"column":62},"end":{"line":74,"column":72}}]},"14":{"loc":{"start":{"line":74,"column":35},"end":{"line":74,"column":62}},"type":"binary-expr","locations":[{"start":{"line":74,"column":35},"end":{"line":74,"column":62}},{"start":{"line":74,"column":58},"end":{"line":74,"column":62}}]},"15":{"loc":{"start":{"line":75,"column":4},"end":{"line":77,"column":5}},"type":"if","locations":[{"start":{"line":75,"column":4},"end":{"line":77,"column":5}},{"start":{},"end":{}}]},"16":{"loc":{"start":{"line":82,"column":25},"end":{"line":82,"column":48}},"type":"cond-expr","locations":[{"start":{"line":82,"column":43},"end":{"line":82,"column":47}},{"start":{"line":82,"column":47},"end":{"line":82,"column":48}}]},"17":{"loc":{"start":{"line":82,"column":25},"end":{"line":82,"column":47}},"type":"binary-expr","locations":[{"start":{"line":82,"column":25},"end":{"line":82,"column":47}},{"start":{"line":82,"column":43},"end":{"line":82,"column":47}}]},"18":{"loc":{"start":{"line":116,"column":4},"end":{"line":118,"column":5}},"type":"if","locations":[{"start":{"line":116,"column":4},"end":{"line":118,"column":5}},{"start":{},"end":{}}]},"19":{"loc":{"start":{"line":116,"column":8},"end":{"line":116,"column":92}},"type":"binary-expr","locations":[{"start":{"line":116,"column":8},"end":{"line":116,"column":32}},{"start":{"line":116,"column":36},"end":{"line":116,"column":63}},{"start":{"line":116,"column":67},"end":{"line":116,"column":92}}]},"20":{"loc":{"start":{"line":121,"column":4},"end":{"line":123,"column":5}},"type":"if","locations":[{"start":{"line":121,"column":4},"end":{"line":123,"column":5}},{"start":{},"end":{}}]},"21":{"loc":{"start":{"line":144,"column":4},"end":{"line":146,"column":5}},"type":"if","locations":[{"start":{"line":144,"column":4},"end":{"line":146,"column":5}},{"start":{},"end":{}}]},"22":{"loc":{"start":{"line":144,"column":8},"end":{"line":144,"column":61}},"type":"binary-expr","locations":[{"start":{"line":144,"column":8},"end":{"line":144,"column":32}},{"start":{"line":144,"column":36},"end":{"line":144,"column":61}}]},"23":{"loc":{"start":{"line":154,"column":4},"end":{"line":156,"column":5}},"type":"if","locations":[{"start":{"line":154,"column":4},"end":{"line":156,"column":5}},{"start":{},"end":{}}]},"24":{"loc":{"start":{"line":154,"column":8},"end":{"line":154,"column":92}},"type":"binary-expr","locations":[{"start":{"line":154,"column":8},"end":{"line":154,"column":32}},{"start":{"line":154,"column":36},"end":{"line":154,"column":63}},{"start":{"line":154,"column":67},"end":{"line":154,"column":92}}]},"25":{"loc":{"start":{"line":159,"column":4},"end":{"line":161,"column":5}},"type":"if","locations":[{"start":{"line":159,"column":4},"end":{"line":161,"column":5}},{"start":{},"end":{}}]},"26":{"loc":{"start":{"line":176,"column":4},"end":{"line":182,"column":5}},"type":"if","locations":[{"start":{"line":176,"column":4},"end":{"line":182,"column":5}},{"start":{},"end":{}}]},"27":{"loc":{"start":{"line":176,"column":8},"end":{"line":176,"column":63}},"type":"binary-expr","locations":[{"start":{"line":176,"column":8},"end":{"line":176,"column":32}},{"start":{"line":176,"column":36},"end":{"line":176,"column":63}}]},"28":{"loc":{"start":{"line":185,"column":4},"end":{"line":191,"column":5}},"type":"if","locations":[{"start":{"line":185,"column":4},"end":{"line":191,"column":5}},{"start":{},"end":{}}]},"29":{"loc":{"start":{"line":209,"column":19},"end":{"line":209,"column":59}},"type":"binary-expr","locations":[{"start":{"line":209,"column":19},"end":{"line":209,"column":37}},{"start":{"line":209,"column":41},"end":{"line":209,"column":59}}]}},"s":{"0":2,"1":2,"2":2,"3":78,"4":78,"5":78,"6":26,"7":26,"8":26,"9":26,"10":7,"11":19,"12":19,"13":19,"14":19,"15":57,"16":19,"17":19,"18":19,"19":19,"20":8,"21":4,"22":4,"23":1,"24":3,"25":2,"26":8,"27":8,"28":19,"29":3,"30":16,"31":16,"32":3,"33":13,"34":13,"35":3,"36":1,"37":2,"38":4,"39":1,"40":3,"41":3,"42":1,"43":2,"44":7,"45":2,"46":5,"47":5,"48":1,"49":4,"50":4,"51":4,"52":3,"53":1,"54":1,"55":2},"f":{"0":78,"1":26,"2":57,"3":8,"4":4,"5":2,"6":8,"7":19,"8":3,"9":4,"10":7},"b":{"0":[78,37],"1":[37,41],"2":[78,78],"3":[3,23],"4":[26,26],"5":[1,25],"6":[26,26],"7":[1,25],"8":[26,26],"9":[7,19],"10":[26,23,21],"11":[3,1],"12":[4,4],"13":[2,2],"14":[4,4],"15":[1,3],"16":[2,1],"17":[3,3],"18":[3,16],"19":[19,18,17],"20":[3,13],"21":[1,2],"22":[3,2],"23":[1,3],"24":[4,4,3],"25":[1,2],"26":[2,5],"27":[7,6],"28":[1,4],"29":[1,1]}}
,"/home/obsidian/Projects/BackyardBBQ/packages/delivery-channels/src/clients/grubhub-client.ts": {"path":"/home/obsidian/Projects/BackyardBBQ/packages/delivery-channels/src/clients/grubhub-client.ts","statementMap":{"0":{"start":{"line":1,"column":0},"end":{"line":1,"column":null}},"1":{"start":{"line":16,"column":0},"end":{"line":16,"column":60}},"2":{"start":{"line":23,"column":31},"end":{"line":23,"column":71}},"3":{"start":{"line":19,"column":11},"end":{"line":19,"column":40}},"4":{"start":{"line":24,"column":4},"end":{"line":24,"column":93}},"5":{"start":{"line":28,"column":4},"end":{"line":32,"column":7}},"6":{"start":{"line":36,"column":28},"end":{"line":36,"column":79}},"7":{"start":{"line":37,"column":4},"end":{"line":39,"column":5}},"8":{"start":{"line":38,"column":6},"end":{"line":38,"column":67}},"9":{"start":{"line":41,"column":4},"end":{"line":47,"column":6}},"10":{"start":{"line":51,"column":4},"end":{"line":55,"column":7}},"11":{"start":{"line":59,"column":112},"end":{"line":67,"column":6}},"12":{"start":{"line":69,"column":4},"end":{"line":74,"column":7}},"13":{"start":{"line":78,"column":4},"end":{"line":80,"column":5}},"14":{"start":{"line":79,"column":6},"end":{"line":79,"column":13}},"15":{"start":{"line":82,"column":19},"end":{"line":86,"column":6}},"16":{"start":{"line":88,"column":4},"end":{"line":97,"column":7}},"17":{"start":{"line":101,"column":4},"end":{"line":103,"column":5}},"18":{"start":{"line":102,"column":6},"end":{"line":102,"column":13}},"19":{"start":{"line":105,"column":4},"end":{"line":117,"column":7}},"20":{"start":{"line":121,"column":4},"end":{"line":123,"column":5}},"21":{"start":{"line":122,"column":6},"end":{"line":122,"column":13}},"22":{"start":{"line":125,"column":4},"end":{"line":134,"column":7}},"23":{"start":{"line":138,"column":4},"end":{"line":144,"column":5}},"24":{"start":{"line":139,"column":6},"end":{"line":143,"column":8}},"25":{"start":{"line":146,"column":18},"end":{"line":146,"column":28}},"26":{"start":{"line":147,"column":4},"end":{"line":165,"column":5}},"27":{"start":{"line":148,"column":6},"end":{"line":152,"column":9}},"28":{"start":{"line":154,"column":6},"end":{"line":157,"column":8}},"29":{"start":{"line":159,"column":23},"end":{"line":159,"column":57}},"30":{"start":{"line":160,"column":6},"end":{"line":164,"column":8}},"31":{"start":{"line":18,"column":0},"end":{"line":18,"column":13}}},"fnMap":{"0":{"name":"(anonymous_7)","decl":{"start":{"line":23,"column":2},"end":{"line":23,"column":31}},"loc":{"start":{"line":23,"column":71},"end":{"line":25,"column":3}}},"1":{"name":"(anonymous_8)","decl":{"start":{"line":27,"column":8},"end":{"line":27,"column":30}},"loc":{"start":{"line":27,"column":67},"end":{"line":33,"column":null}}},"2":{"name":"(anonymous_10)","decl":{"start":{"line":35,"column":8},"end":{"line":35,"column":25}},"loc":{"start":{"line":35,"column":58},"end":{"line":48,"column":null}}},"3":{"name":"(anonymous_12)","decl":{"start":{"line":50,"column":8},"end":{"line":50,"column":21}},"loc":{"start":{"line":50,"column":50},"end":{"line":56,"column":null}}},"4":{"name":"(anonymous_14)","decl":{"start":{"line":58,"column":8},"end":{"line":58,"column":23}},"loc":{"start":{"line":58,"column":55},"end":{"line":75,"column":null}}},"5":{"name":"(anonymous_16)","decl":{"start":{"line":77,"column":8},"end":{"line":77,"column":23}},"loc":{"start":{"line":77,"column":55},"end":{"line":98,"column":null}}},"6":{"name":"(anonymous_18)","decl":{"start":{"line":100,"column":8},"end":{"line":100,"column":22}},"loc":{"start":{"line":100,"column":53},"end":{"line":118,"column":null}}},"7":{"name":"(anonymous_20)","decl":{"start":{"line":120,"column":8},"end":{"line":120,"column":27}},"loc":{"start":{"line":120,"column":59},"end":{"line":135,"column":null}}},"8":{"name":"(anonymous_22)","decl":{"start":{"line":137,"column":8},"end":{"line":137,"column":19}},"loc":{"start":{"line":137,"column":19},"end":{"line":166,"column":null}}}},"branchMap":{"0":{"loc":{"start":{"line":24,"column":19},"end":{"line":24,"column":92}},"type":"binary-expr","locations":[{"start":{"line":24,"column":19},"end":{"line":24,"column":59}},{"start":{"line":24,"column":63},"end":{"line":24,"column":92}}]},"1":{"loc":{"start":{"line":24,"column":19},"end":{"line":24,"column":59}},"type":"cond-expr","locations":[{"start":{"line":24,"column":51},"end":{"line":24,"column":53}},{"start":{"line":24,"column":51},"end":{"line":24,"column":59}}]},"2":{"loc":{"start":{"line":24,"column":19},"end":{"line":24,"column":53}},"type":"binary-expr","locations":[{"start":{"line":24,"column":19},"end":{"line":24,"column":53}},{"start":{"line":24,"column":51},"end":{"line":24,"column":53}}]},"3":{"loc":{"start":{"line":36,"column":35},"end":{"line":36,"column":78}},"type":"cond-expr","locations":[{"start":{"line":36,"column":72},"end":{"line":36,"column":76}},{"start":{"line":36,"column":76},"end":{"line":36,"column":78}}]},"4":{"loc":{"start":{"line":36,"column":35},"end":{"line":36,"column":76}},"type":"binary-expr","locations":[{"start":{"line":36,"column":35},"end":{"line":36,"column":76}},{"start":{"line":36,"column":72},"end":{"line":36,"column":76}}]},"5":{"loc":{"start":{"line":36,"column":35},"end":{"line":36,"column":72}},"type":"cond-expr","locations":[{"start":{"line":36,"column":58},"end":{"line":36,"column":62}},{"start":{"line":36,"column":62},"end":{"line":36,"column":72}}]},"6":{"loc":{"start":{"line":36,"column":35},"end":{"line":36,"column":62}},"type":"binary-expr","locations":[{"start":{"line":36,"column":35},"end":{"line":36,"column":62}},{"start":{"line":36,"column":58},"end":{"line":36,"column":62}}]},"7":{"loc":{"start":{"line":37,"column":4},"end":{"line":39,"column":5}},"type":"if","locations":[{"start":{"line":37,"column":4},"end":{"line":39,"column":5}},{"start":{},"end":{}}]},"8":{"loc":{"start":{"line":44,"column":25},"end":{"line":44,"column":48}},"type":"cond-expr","locations":[{"start":{"line":44,"column":43},"end":{"line":44,"column":47}},{"start":{"line":44,"column":47},"end":{"line":44,"column":48}}]},"9":{"loc":{"start":{"line":44,"column":25},"end":{"line":44,"column":47}},"type":"binary-expr","locations":[{"start":{"line":44,"column":25},"end":{"line":44,"column":47}},{"start":{"line":44,"column":43},"end":{"line":44,"column":47}}]},"10":{"loc":{"start":{"line":78,"column":4},"end":{"line":80,"column":5}},"type":"if","locations":[{"start":{"line":78,"column":4},"end":{"line":80,"column":5}},{"start":{},"end":{}}]},"11":{"loc":{"start":{"line":78,"column":8},"end":{"line":78,"column":61}},"type":"binary-expr","locations":[{"start":{"line":78,"column":8},"end":{"line":78,"column":32}},{"start":{"line":78,"column":36},"end":{"line":78,"column":61}}]},"12":{"loc":{"start":{"line":101,"column":4},"end":{"line":103,"column":5}},"type":"if","locations":[{"start":{"line":101,"column":4},"end":{"line":103,"column":5}},{"start":{},"end":{}}]},"13":{"loc":{"start":{"line":101,"column":8},"end":{"line":101,"column":61}},"type":"binary-expr","locations":[{"start":{"line":101,"column":8},"end":{"line":101,"column":32}},{"start":{"line":101,"column":36},"end":{"line":101,"column":61}}]},"14":{"loc":{"start":{"line":121,"column":4},"end":{"line":123,"column":5}},"type":"if","locations":[{"start":{"line":121,"column":4},"end":{"line":123,"column":5}},{"start":{},"end":{}}]},"15":{"loc":{"start":{"line":121,"column":8},"end":{"line":121,"column":61}},"type":"binary-expr","locations":[{"start":{"line":121,"column":8},"end":{"line":121,"column":32}},{"start":{"line":121,"column":36},"end":{"line":121,"column":61}}]},"16":{"loc":{"start":{"line":138,"column":4},"end":{"line":144,"column":5}},"type":"if","locations":[{"start":{"line":138,"column":4},"end":{"line":144,"column":5}},{"start":{},"end":{}}]},"17":{"loc":{"start":{"line":162,"column":19},"end":{"line":162,"column":59}},"type":"binary-expr","locations":[{"start":{"line":162,"column":19},"end":{"line":162,"column":37}},{"start":{"line":162,"column":41},"end":{"line":162,"column":59}}]}},"s":{"0":2,"1":2,"2":52,"3":52,"4":52,"5":2,"6":3,"7":3,"8":1,"9":2,"10":1,"11":1,"12":1,"13":3,"14":1,"15":2,"16":2,"17":2,"18":1,"19":1,"20":2,"21":1,"22":1,"23":4,"24":1,"25":3,"26":3,"27":3,"28":1,"29":2,"30":2,"31":2},"f":{"0":52,"1":2,"2":3,"3":1,"4":1,"5":3,"6":2,"7":2,"8":4},"b":{"0":[52,36],"1":[36,16],"2":[52,52],"3":[2,1],"4":[3,3],"5":[1,2],"6":[3,3],"7":[1,2],"8":[1,1],"9":[2,2],"10":[1,2],"11":[3,2],"12":[1,1],"13":[2,1],"14":[1,1],"15":[2,1],"16":[1,3],"17":[2,2]}}
,"/home/obsidian/Projects/BackyardBBQ/packages/delivery-channels/src/clients/index.ts": {"path":"/home/obsidian/Projects/BackyardBBQ/packages/delivery-channels/src/clients/index.ts","statementMap":{"0":{"start":{"line":1,"column":0},"end":{"line":1,"column":30}},"1":{"start":{"line":2,"column":0},"end":{"line":2,"column":33}},"2":{"start":{"line":3,"column":0},"end":{"line":3,"column":34}},"3":{"start":{"line":4,"column":0},"end":{"line":4,"column":34}},"4":{"start":{"line":5,"column":0},"end":{"line":5,"column":33}}},"fnMap":{},"branchMap":{},"s":{"0":1,"1":1,"2":1,"3":1,"4":1},"f":{},"b":{}}
,"/home/obsidian/Projects/BackyardBBQ/packages/delivery-channels/src/clients/status-mapping.ts": {"path":"/home/obsidian/Projects/BackyardBBQ/packages/delivery-channels/src/clients/status-mapping.ts","statementMap":{"0":{"start":{"line":44,"column":0},"end":{"line":44,"column":16}},"1":{"start":{"line":8,"column":94},"end":{"line":15,"column":2}},"2":{"start":{"line":17,"column":103},"end":{"line":42,"column":2}},"3":{"start":{"line":49,"column":25},"end":{"line":49,"column":72}},"4":{"start":{"line":50,"column":29},"end":{"line":52,"column":45}},"5":{"start":{"line":54,"column":2},"end":{"line":57,"column":4}}},"fnMap":{"0":{"name":"mapProviderActionPayload","decl":{"start":{"line":44,"column":16},"end":{"line":44,"column":40}},"loc":{"start":{"line":48,"column":1},"end":{"line":58,"column":1}}}},"branchMap":{"0":{"loc":{"start":{"line":50,"column":29},"end":{"line":52,"column":45}},"type":"cond-expr","locations":[{"start":{"line":51,"column":6},"end":{"line":51,"column":32}},{"start":{"line":52,"column":6},"end":{"line":52,"column":45}}]}},"s":{"0":5,"1":5,"2":5,"3":44,"4":44,"5":44},"f":{"0":44},"b":{"0":[2,42]}}
,"/home/obsidian/Projects/BackyardBBQ/packages/delivery-channels/src/clients/ubereats-client.ts": {"path":"/home/obsidian/Projects/BackyardBBQ/packages/delivery-channels/src/clients/ubereats-client.ts","statementMap":{"0":{"start":{"line":1,"column":0},"end":{"line":1,"column":null}},"1":{"start":{"line":16,"column":0},"end":{"line":16,"column":60}},"2":{"start":{"line":23,"column":31},"end":{"line":23,"column":71}},"3":{"start":{"line":19,"column":11},"end":{"line":19,"column":41}},"4":{"start":{"line":24,"column":4},"end":{"line":24,"column":87}},"5":{"start":{"line":28,"column":4},"end":{"line":32,"column":7}},"6":{"start":{"line":36,"column":28},"end":{"line":36,"column":79}},"7":{"start":{"line":37,"column":4},"end":{"line":39,"column":5}},"8":{"start":{"line":38,"column":6},"end":{"line":38,"column":68}},"9":{"start":{"line":41,"column":4},"end":{"line":47,"column":6}},"10":{"start":{"line":51,"column":4},"end":{"line":55,"column":7}},"11":{"start":{"line":59,"column":112},"end":{"line":67,"column":6}},"12":{"start":{"line":69,"column":4},"end":{"line":74,"column":7}},"13":{"start":{"line":78,"column":4},"end":{"line":80,"column":5}},"14":{"start":{"line":79,"column":6},"end":{"line":79,"column":13}},"15":{"start":{"line":82,"column":19},"end":{"line":86,"column":6}},"16":{"start":{"line":88,"column":4},"end":{"line":97,"column":7}},"17":{"start":{"line":101,"column":4},"end":{"line":103,"column":5}},"18":{"start":{"line":102,"column":6},"end":{"line":102,"column":13}},"19":{"start":{"line":105,"column":4},"end":{"line":117,"column":7}},"20":{"start":{"line":121,"column":4},"end":{"line":123,"column":5}},"21":{"start":{"line":122,"column":6},"end":{"line":122,"column":13}},"22":{"start":{"line":125,"column":4},"end":{"line":134,"column":7}},"23":{"start":{"line":138,"column":4},"end":{"line":144,"column":5}},"24":{"start":{"line":139,"column":6},"end":{"line":143,"column":8}},"25":{"start":{"line":146,"column":18},"end":{"line":146,"column":28}},"26":{"start":{"line":147,"column":4},"end":{"line":165,"column":5}},"27":{"start":{"line":148,"column":6},"end":{"line":152,"column":9}},"28":{"start":{"line":154,"column":6},"end":{"line":157,"column":8}},"29":{"start":{"line":159,"column":23},"end":{"line":159,"column":57}},"30":{"start":{"line":160,"column":6},"end":{"line":164,"column":8}},"31":{"start":{"line":18,"column":0},"end":{"line":18,"column":13}}},"fnMap":{"0":{"name":"(anonymous_7)","decl":{"start":{"line":23,"column":2},"end":{"line":23,"column":31}},"loc":{"start":{"line":23,"column":71},"end":{"line":25,"column":3}}},"1":{"name":"(anonymous_8)","decl":{"start":{"line":27,"column":8},"end":{"line":27,"column":30}},"loc":{"start":{"line":27,"column":67},"end":{"line":33,"column":null}}},"2":{"name":"(anonymous_10)","decl":{"start":{"line":35,"column":8},"end":{"line":35,"column":25}},"loc":{"start":{"line":35,"column":58},"end":{"line":48,"column":null}}},"3":{"name":"(anonymous_12)","decl":{"start":{"line":50,"column":8},"end":{"line":50,"column":21}},"loc":{"start":{"line":50,"column":50},"end":{"line":56,"column":null}}},"4":{"name":"(anonymous_14)","decl":{"start":{"line":58,"column":8},"end":{"line":58,"column":23}},"loc":{"start":{"line":58,"column":55},"end":{"line":75,"column":null}}},"5":{"name":"(anonymous_16)","decl":{"start":{"line":77,"column":8},"end":{"line":77,"column":23}},"loc":{"start":{"line":77,"column":55},"end":{"line":98,"column":null}}},"6":{"name":"(anonymous_18)","decl":{"start":{"line":100,"column":8},"end":{"line":100,"column":22}},"loc":{"start":{"line":100,"column":53},"end":{"line":118,"column":null}}},"7":{"name":"(anonymous_20)","decl":{"start":{"line":120,"column":8},"end":{"line":120,"column":27}},"loc":{"start":{"line":120,"column":59},"end":{"line":135,"column":null}}},"8":{"name":"(anonymous_22)","decl":{"start":{"line":137,"column":8},"end":{"line":137,"column":19}},"loc":{"start":{"line":137,"column":19},"end":{"line":166,"column":null}}}},"branchMap":{"0":{"loc":{"start":{"line":24,"column":19},"end":{"line":24,"column":86}},"type":"binary-expr","locations":[{"start":{"line":24,"column":19},"end":{"line":24,"column":60}},{"start":{"line":24,"column":64},"end":{"line":24,"column":86}}]},"1":{"loc":{"start":{"line":24,"column":19},"end":{"line":24,"column":60}},"type":"cond-expr","locations":[{"start":{"line":24,"column":52},"end":{"line":24,"column":54}},{"start":{"line":24,"column":52},"end":{"line":24,"column":60}}]},"2":{"loc":{"start":{"line":24,"column":19},"end":{"line":24,"column":54}},"type":"binary-expr","locations":[{"start":{"line":24,"column":19},"end":{"line":24,"column":54}},{"start":{"line":24,"column":52},"end":{"line":24,"column":54}}]},"3":{"loc":{"start":{"line":36,"column":35},"end":{"line":36,"column":78}},"type":"cond-expr","locations":[{"start":{"line":36,"column":72},"end":{"line":36,"column":76}},{"start":{"line":36,"column":76},"end":{"line":36,"column":78}}]},"4":{"loc":{"start":{"line":36,"column":35},"end":{"line":36,"column":76}},"type":"binary-expr","locations":[{"start":{"line":36,"column":35},"end":{"line":36,"column":76}},{"start":{"line":36,"column":72},"end":{"line":36,"column":76}}]},"5":{"loc":{"start":{"line":36,"column":35},"end":{"line":36,"column":72}},"type":"cond-expr","locations":[{"start":{"line":36,"column":58},"end":{"line":36,"column":62}},{"start":{"line":36,"column":62},"end":{"line":36,"column":72}}]},"6":{"loc":{"start":{"line":36,"column":35},"end":{"line":36,"column":62}},"type":"binary-expr","locations":[{"start":{"line":36,"column":35},"end":{"line":36,"column":62}},{"start":{"line":36,"column":58},"end":{"line":36,"column":62}}]},"7":{"loc":{"start":{"line":37,"column":4},"end":{"line":39,"column":5}},"type":"if","locations":[{"start":{"line":37,"column":4},"end":{"line":39,"column":5}},{"start":{},"end":{}}]},"8":{"loc":{"start":{"line":44,"column":25},"end":{"line":44,"column":48}},"type":"cond-expr","locations":[{"start":{"line":44,"column":43},"end":{"line":44,"column":47}},{"start":{"line":44,"column":47},"end":{"line":44,"column":48}}]},"9":{"loc":{"start":{"line":44,"column":25},"end":{"line":44,"column":47}},"type":"binary-expr","locations":[{"start":{"line":44,"column":25},"end":{"line":44,"column":47}},{"start":{"line":44,"column":43},"end":{"line":44,"column":47}}]},"10":{"loc":{"start":{"line":78,"column":4},"end":{"line":80,"column":5}},"type":"if","locations":[{"start":{"line":78,"column":4},"end":{"line":80,"column":5}},{"start":{},"end":{}}]},"11":{"loc":{"start":{"line":78,"column":8},"end":{"line":78,"column":61}},"type":"binary-expr","locations":[{"start":{"line":78,"column":8},"end":{"line":78,"column":32}},{"start":{"line":78,"column":36},"end":{"line":78,"column":61}}]},"12":{"loc":{"start":{"line":101,"column":4},"end":{"line":103,"column":5}},"type":"if","locations":[{"start":{"line":101,"column":4},"end":{"line":103,"column":5}},{"start":{},"end":{}}]},"13":{"loc":{"start":{"line":101,"column":8},"end":{"line":101,"column":61}},"type":"binary-expr","locations":[{"start":{"line":101,"column":8},"end":{"line":101,"column":32}},{"start":{"line":101,"column":36},"end":{"line":101,"column":61}}]},"14":{"loc":{"start":{"line":121,"column":4},"end":{"line":123,"column":5}},"type":"if","locations":[{"start":{"line":121,"column":4},"end":{"line":123,"column":5}},{"start":{},"end":{}}]},"15":{"loc":{"start":{"line":121,"column":8},"end":{"line":121,"column":61}},"type":"binary-expr","locations":[{"start":{"line":121,"column":8},"end":{"line":121,"column":32}},{"start":{"line":121,"column":36},"end":{"line":121,"column":61}}]},"16":{"loc":{"start":{"line":138,"column":4},"end":{"line":144,"column":5}},"type":"if","locations":[{"start":{"line":138,"column":4},"end":{"line":144,"column":5}},{"start":{},"end":{}}]},"17":{"loc":{"start":{"line":162,"column":19},"end":{"line":162,"column":59}},"type":"binary-expr","locations":[{"start":{"line":162,"column":19},"end":{"line":162,"column":37}},{"start":{"line":162,"column":41},"end":{"line":162,"column":59}}]}},"s":{"0":2,"1":2,"2":51,"3":51,"4":51,"5":2,"6":3,"7":3,"8":1,"9":2,"10":1,"11":1,"12":1,"13":3,"14":1,"15":2,"16":2,"17":2,"18":1,"19":1,"20":2,"21":1,"22":1,"23":3,"24":1,"25":2,"26":2,"27":2,"28":1,"29":1,"30":1,"31":2},"f":{"0":51,"1":2,"2":3,"3":1,"4":1,"5":3,"6":2,"7":2,"8":3},"b":{"0":[51,36],"1":[36,15],"2":[51,51],"3":[2,1],"4":[3,3],"5":[2,1],"6":[3,3],"7":[1,2],"8":[1,1],"9":[2,2],"10":[1,2],"11":[3,2],"12":[1,1],"13":[2,1],"14":[1,1],"15":[2,1],"16":[1,2],"17":[1,1]}}
}
