TN:
SF:packages/delivery-channels/src/index.ts
FN:106,(anonymous_11)
FN:109,(anonymous_12)
FN:113,(anonymous_13)
FN:118,stableHash
FN:126,evaluateAttempt
FN:150,(anonymous_16)
FN:162,(anonymous_18)
FN:176,(anonymous_19)
FN:222,(anonymous_21)
FN:226,(anonymous_23)
FN:232,(anonymous_25)
FN:238,(anonymous_27)
FN:244,(anonymous_29)
FN:250,(anonymous_31)
FN:255,createProviderClients
FN:265,createDeliveryChannelAdapters
FNF:16
FNH:16
FNDA:36,(anonymous_11)
FNDA:32,(anonymous_12)
FNDA:24,(anonymous_13)
FNDA:92,stableHash
FNDA:46,evaluateAttempt
FNDA:1,(anonymous_16)
FNDA:108,(anonymous_18)
FNDA:32,(anonymous_19)
FNDA:1,(anonymous_21)
FNDA:1,(anonymous_23)
FNDA:1,(anonymous_25)
FNDA:1,(anonymous_27)
FNDA:1,(anonymous_29)
FNDA:1,(anonymous_31)
FNDA:36,createProviderClients
FNDA:36,createDeliveryChannelAdapters
DA:1,1
DA:16,1
DA:18,1
DA:79,1
DA:100,1
DA:107,36
DA:110,32
DA:114,24
DA:119,92
DA:120,92
DA:121,2814
DA:123,92
DA:131,46
DA:133,46
DA:135,46
DA:138,46
DA:139,1
DA:142,45
DA:143,21
DA:146,24
DA:151,1
DA:152,1
DA:153,1
DA:169,108
DA:170,108
DA:171,108
DA:172,108
DA:173,108
DA:177,32
DA:178,1
DA:185,31
DA:186,31
DA:188,31
DA:189,46
DA:190,46
DA:192,46
DA:193,24
DA:194,24
DA:201,22
DA:202,1
DA:210,21
DA:214,6
DA:223,1
DA:227,1
DA:228,1
DA:229,1
DA:233,1
DA:234,1
DA:235,1
DA:239,1
DA:240,1
DA:241,1
DA:245,1
DA:246,1
DA:247,1
DA:251,1
DA:258,36
DA:265,1
DA:269,36
DA:273,36
DA:274,36
DA:276,36
LF:62
LH:62
BRDA:138,0,0,1
BRDA:138,0,1,45
BRDA:142,1,0,21
BRDA:142,1,1,24
BRDA:177,2,0,1
BRDA:177,2,1,31
BRDA:192,3,0,24
BRDA:192,3,1,22
BRDA:201,4,0,1
BRDA:201,4,1,21
BRDA:259,5,0,35
BRDA:259,5,1,1
BRDA:259,6,0,36
BRDA:259,6,1,36
BRDA:260,7,0,35
BRDA:260,7,1,1
BRDA:260,8,0,36
BRDA:260,8,1,36
BRDA:261,9,0,35
BRDA:261,9,1,1
BRDA:261,10,0,36
BRDA:261,10,1,36
BRDA:271,11,0,30
BRDA:271,11,1,6
BRDA:271,12,0,36
BRDA:271,12,1,36
BRDA:271,13,0,1
BRDA:271,13,1,35
BRDA:271,14,0,36
BRDA:271,14,1,36
BRDA:274,15,0,35
BRDA:274,15,1,1
BRDA:274,16,0,36
BRDA:274,16,1,36
BRDA:274,17,0,1
BRDA:274,17,1,35
BRDA:274,18,0,36
BRDA:274,18,1,36
BRF:38
BRH:38
end_of_record
TN:
SF:packages/delivery-channels/src/clients/base-client.ts
FN:97,verifyWebhookHmac
FN:119,performProviderRequest
FN:128,(anonymous_10)
FN:152,(anonymous_11)
FN:158,buildSimulatedHealth
FNF:5
FNH:5
FNDA:24,verifyWebhookHmac
FNDA:5,performProviderRequest
FNDA:1,(anonymous_10)
FNDA:1,(anonymous_11)
FNDA:7,buildSimulatedHealth
DA:10,5
DA:97,5
DA:102,24
DA:103,6
DA:106,18
DA:107,18
DA:109,18
DA:110,18
DA:112,18
DA:113,5
DA:116,13
DA:119,5
DA:126,5
DA:127,5
DA:128,5
DA:129,1
DA:132,5
DA:133,5
DA:143,4
DA:144,1
DA:145,1
DA:148,3
DA:149,1
DA:152,2
DA:154,5
DA:158,5
DA:159,7
DA:165,7
LF:28
LH:28
BRDA:102,0,0,6
BRDA:102,0,1,18
BRDA:102,1,0,24
BRDA:102,1,1,22
BRDA:102,1,2,20
BRDA:112,2,0,5
BRDA:112,2,1,13
BRDA:112,3,0,18
BRDA:112,3,1,16
BRDA:112,3,2,16
BRDA:126,4,0,1
BRDA:126,4,1,4
BRDA:126,5,0,5
BRDA:126,5,1,5
BRDA:139,6,0,1
BRDA:139,6,1,4
BRDA:143,7,0,1
BRDA:143,7,1,3
BRDA:148,8,0,1
BRDA:148,8,1,2
BRF:20
BRH:20
end_of_record
TN:
SF:packages/delivery-channels/src/clients/doordash-client.ts
FN:24,(anonymous_7)
FN:28,(anonymous_8)
FN:51,(anonymous_9)
FN:65,(anonymous_10)
FN:73,(anonymous_12)
FN:88,(anonymous_14)
FN:96,(anonymous_16)
FN:115,(anonymous_18)
FN:143,(anonymous_20)
FN:153,(anonymous_22)
FN:175,(anonymous_24)
FNF:11
FNH:11
FNDA:78,(anonymous_7)
FNDA:26,(anonymous_8)
FNDA:57,(anonymous_9)
FNDA:8,(anonymous_10)
FNDA:4,(anonymous_12)
FNDA:2,(anonymous_14)
FNDA:8,(anonymous_16)
FNDA:19,(anonymous_18)
FNDA:3,(anonymous_20)
FNDA:4,(anonymous_22)
FNDA:7,(anonymous_24)
DA:1,2
DA:16,2
DA:17,2
DA:19,2
DA:20,78
DA:24,78
DA:25,78
DA:29,26
DA:30,26
DA:31,26
DA:33,26
DA:34,7
DA:37,19
DA:38,19
DA:43,19
DA:51,19
DA:52,57
DA:58,19
DA:59,19
DA:60,19
DA:62,19
DA:66,8
DA:74,4
DA:75,4
DA:76,1
DA:79,3
DA:89,2
DA:97,8
DA:107,8
DA:116,19
DA:117,3
DA:120,16
DA:121,16
DA:122,3
DA:125,13
DA:131,13
DA:144,3
DA:145,1
DA:150,2
DA:154,4
DA:155,1
DA:158,3
DA:159,3
DA:160,1
DA:163,2
DA:176,7
DA:177,2
DA:184,5
DA:185,5
DA:186,1
DA:193,4
DA:194,4
DA:195,4
DA:201,3
DA:206,1
DA:207,1
LF:56
LH:56
BRDA:25,0,0,78
BRDA:25,0,1,37
BRDA:25,1,0,37
BRDA:25,1,1,41
BRDA:25,2,0,78
BRDA:25,2,1,78
BRDA:29,3,0,3
BRDA:29,3,1,23
BRDA:29,4,0,26
BRDA:29,4,1,26
BRDA:30,5,0,1
BRDA:30,5,1,25
BRDA:30,6,0,26
BRDA:30,6,1,26
BRDA:31,7,0,1
BRDA:31,7,1,25
BRDA:31,8,0,26
BRDA:31,8,1,26
BRDA:33,9,0,7
BRDA:33,9,1,19
BRDA:33,10,0,26
BRDA:33,10,1,23
BRDA:33,10,2,21
BRDA:74,11,0,3
BRDA:74,11,1,1
BRDA:74,12,0,4
BRDA:74,12,1,4
BRDA:74,13,0,2
BRDA:74,13,1,2
BRDA:74,14,0,4
BRDA:74,14,1,4
BRDA:75,15,0,1
BRDA:75,15,1,3
BRDA:82,16,0,2
BRDA:82,16,1,1
BRDA:82,17,0,3
BRDA:82,17,1,3
BRDA:116,18,0,3
BRDA:116,18,1,16
BRDA:116,19,0,19
BRDA:116,19,1,18
BRDA:116,19,2,17
BRDA:121,20,0,3
BRDA:121,20,1,13
BRDA:144,21,0,1
BRDA:144,21,1,2
BRDA:144,22,0,3
BRDA:144,22,1,2
BRDA:154,23,0,1
BRDA:154,23,1,3
BRDA:154,24,0,4
BRDA:154,24,1,4
BRDA:154,24,2,3
BRDA:159,25,0,1
BRDA:159,25,1,2
BRDA:176,26,0,2
BRDA:176,26,1,5
BRDA:176,27,0,7
BRDA:176,27,1,6
BRDA:185,28,0,1
BRDA:185,28,1,4
BRDA:209,29,0,1
BRDA:209,29,1,1
BRF:63
BRH:63
end_of_record
TN:
SF:packages/delivery-channels/src/clients/grubhub-client.ts
FN:23,(anonymous_7)
FN:27,(anonymous_8)
FN:35,(anonymous_10)
FN:50,(anonymous_12)
FN:58,(anonymous_14)
FN:77,(anonymous_16)
FN:100,(anonymous_18)
FN:120,(anonymous_20)
FN:137,(anonymous_22)
FNF:9
FNH:9
FNDA:52,(anonymous_7)
FNDA:2,(anonymous_8)
FNDA:3,(anonymous_10)
FNDA:1,(anonymous_12)
FNDA:1,(anonymous_14)
FNDA:3,(anonymous_16)
FNDA:2,(anonymous_18)
FNDA:2,(anonymous_20)
FNDA:4,(anonymous_22)
DA:1,2
DA:16,2
DA:18,2
DA:19,52
DA:23,52
DA:24,52
DA:28,2
DA:36,3
DA:37,3
DA:38,1
DA:41,2
DA:51,1
DA:59,1
DA:69,1
DA:78,3
DA:79,1
DA:82,2
DA:88,2
DA:101,2
DA:102,1
DA:105,1
DA:121,2
DA:122,1
DA:125,1
DA:138,4
DA:139,1
DA:146,3
DA:147,3
DA:148,3
DA:154,1
DA:159,2
DA:160,2
LF:32
LH:32
BRDA:24,0,0,52
BRDA:24,0,1,36
BRDA:24,1,0,36
BRDA:24,1,1,16
BRDA:24,2,0,52
BRDA:24,2,1,52
BRDA:36,3,0,2
BRDA:36,3,1,1
BRDA:36,4,0,3
BRDA:36,4,1,3
BRDA:36,5,0,1
BRDA:36,5,1,2
BRDA:36,6,0,3
BRDA:36,6,1,3
BRDA:37,7,0,1
BRDA:37,7,1,2
BRDA:44,8,0,1
BRDA:44,8,1,1
BRDA:44,9,0,2
BRDA:44,9,1,2
BRDA:78,10,0,1
BRDA:78,10,1,2
BRDA:78,11,0,3
BRDA:78,11,1,2
BRDA:101,12,0,1
BRDA:101,12,1,1
BRDA:101,13,0,2
BRDA:101,13,1,1
BRDA:121,14,0,1
BRDA:121,14,1,1
BRDA:121,15,0,2
BRDA:121,15,1,1
BRDA:138,16,0,1
BRDA:138,16,1,3
BRDA:162,17,0,2
BRDA:162,17,1,2
BRF:36
BRH:36
end_of_record
TN:
SF:packages/delivery-channels/src/clients/index.ts
FNF:0
FNH:0
DA:1,1
DA:2,1
DA:3,1
DA:4,1
DA:5,1
LF:5
LH:5
BRF:0
BRH:0
end_of_record
TN:
SF:packages/delivery-channels/src/clients/status-mapping.ts
FN:44,mapProviderActionPayload
FNF:1
FNH:1
FNDA:44,mapProviderActionPayload
DA:8,5
DA:17,5
DA:44,5
DA:49,44
DA:50,44
DA:54,44
LF:6
LH:6
BRDA:50,0,0,2
BRDA:50,0,1,42
BRF:2
BRH:2
end_of_record
TN:
SF:packages/delivery-channels/src/clients/ubereats-client.ts
FN:23,(anonymous_7)
FN:27,(anonymous_8)
FN:35,(anonymous_10)
FN:50,(anonymous_12)
FN:58,(anonymous_14)
FN:77,(anonymous_16)
FN:100,(anonymous_18)
FN:120,(anonymous_20)
FN:137,(anonymous_22)
FNF:9
FNH:9
FNDA:51,(anonymous_7)
FNDA:2,(anonymous_8)
FNDA:3,(anonymous_10)
FNDA:1,(anonymous_12)
FNDA:1,(anonymous_14)
FNDA:3,(anonymous_16)
FNDA:2,(anonymous_18)
FNDA:2,(anonymous_20)
FNDA:3,(anonymous_22)
DA:1,2
DA:16,2
DA:18,2
DA:19,51
DA:23,51
DA:24,51
DA:28,2
DA:36,3
DA:37,3
DA:38,1
DA:41,2
DA:51,1
DA:59,1
DA:69,1
DA:78,3
DA:79,1
DA:82,2
DA:88,2
DA:101,2
DA:102,1
DA:105,1
DA:121,2
DA:122,1
DA:125,1
DA:138,3
DA:139,1
DA:146,2
DA:147,2
DA:148,2
DA:154,1
DA:159,1
DA:160,1
LF:32
LH:32
BRDA:24,0,0,51
BRDA:24,0,1,36
BRDA:24,1,0,36
BRDA:24,1,1,15
BRDA:24,2,0,51
BRDA:24,2,1,51
BRDA:36,3,0,2
BRDA:36,3,1,1
BRDA:36,4,0,3
BRDA:36,4,1,3
BRDA:36,5,0,2
BRDA:36,5,1,1
BRDA:36,6,0,3
BRDA:36,6,1,3
BRDA:37,7,0,1
BRDA:37,7,1,2
BRDA:44,8,0,1
BRDA:44,8,1,1
BRDA:44,9,0,2
BRDA:44,9,1,2
BRDA:78,10,0,1
BRDA:78,10,1,2
BRDA:78,11,0,3
BRDA:78,11,1,2
BRDA:101,12,0,1
BRDA:101,12,1,1
BRDA:101,13,0,2
BRDA:101,13,1,1
BRDA:121,14,0,1
BRDA:121,14,1,1
BRDA:121,15,0,2
BRDA:121,15,1,1
BRDA:138,16,0,1
BRDA:138,16,1,2
BRDA:162,17,0,1
BRDA:162,17,1,1
BRF:36
BRH:36
end_of_record
