{"/home/obsidian/Projects/BackyardBBQ/apps/workers/src/helpers.ts": {"path":"/home/obsidian/Projects/BackyardBBQ/apps/workers/src/helpers.ts","statementMap":{"0":{"start":{"line":4,"column":0},"end":{"line":4,"column":16}},"1":{"start":{"line":21,"column":0},"end":{"line":21,"column":16}},"2":{"start":{"line":26,"column":0},"end":{"line":26,"column":16}},"3":{"start":{"line":62,"column":0},"end":{"line":62,"column":16}},"4":{"start":{"line":119,"column":0},"end":{"line":119,"column":16}},"5":{"start":{"line":147,"column":0},"end":{"line":147,"column":16}},"6":{"start":{"line":2,"column":0},"end":{"line":2,"column":110}},"7":{"start":{"line":5,"column":2},"end":{"line":18,"column":3}},"8":{"start":{"line":7,"column":6},"end":{"line":7,"column":24}},"9":{"start":{"line":9,"column":6},"end":{"line":9,"column":25}},"10":{"start":{"line":11,"column":6},"end":{"line":11,"column":21}},"11":{"start":{"line":13,"column":6},"end":{"line":13,"column":25}},"12":{"start":{"line":15,"column":6},"end":{"line":15,"column":25}},"13":{"start":{"line":17,"column":6},"end":{"line":17,"column":18}},"14":{"start":{"line":22,"column":24},"end":{"line":22,"column":45}},"15":{"start":{"line":23,"column":2},"end":{"line":23,"column":98}},"16":{"start":{"line":30,"column":2},"end":{"line":32,"column":3}},"17":{"start":{"line":31,"column":4},"end":{"line":31,"column":31}},"18":{"start":{"line":34,"column":18},"end":{"line":34,"column":31}},"19":{"start":{"line":35,"column":2},"end":{"line":37,"column":3}},"20":{"start":{"line":36,"column":4},"end":{"line":36,"column":20}},"21":{"start":{"line":39,"column":2},"end":{"line":39,"column":73}},"22":{"start":{"line":63,"column":21},"end":{"line":63,"column":34}},"23":{"start":{"line":64,"column":2},"end":{"line":66,"column":3}},"24":{"start":{"line":65,"column":4},"end":{"line":65,"column":16}},"25":{"start":{"line":68,"column":16},"end":{"line":68,"column":47}},"26":{"start":{"line":69,"column":26},"end":{"line":69,"column":98}},"27":{"start":{"line":70,"column":17},"end":{"line":70,"column":92}},"28":{"start":{"line":71,"column":24},"end":{"line":71,"column":92}},"29":{"start":{"line":72,"column":19},"end":{"line":72,"column":74}},"30":{"start":{"line":73,"column":19},"end":{"line":73,"column":74}},"31":{"start":{"line":74,"column":21},"end":{"line":74,"column":83}},"32":{"start":{"line":75,"column":21},"end":{"line":75,"column":32}},"33":{"start":{"line":77,"column":2},"end":{"line":79,"column":3}},"34":{"start":{"line":78,"column":4},"end":{"line":78,"column":16}},"35":{"start":{"line":81,"column":2},"end":{"line":83,"column":3}},"36":{"start":{"line":82,"column":4},"end":{"line":82,"column":16}},"37":{"start":{"line":85,"column":47},"end":{"line":85,"column":49}},"38":{"start":{"line":86,"column":2},"end":{"line":102,"column":3}},"39":{"start":{"line":87,"column":4},"end":{"line":89,"column":5}},"40":{"start":{"line":88,"column":6},"end":{"line":88,"column":15}},"41":{"start":{"line":91,"column":16},"end":{"line":91,"column":41}},"42":{"start":{"line":92,"column":17},"end":{"line":92,"column":63}},"43":{"start":{"line":93,"column":21},"end":{"line":93,"column":75}},"44":{"start":{"line":94,"column":27},"end":{"line":94,"column":93}},"45":{"start":{"line":95,"column":18},"end":{"line":95,"column":71}},"46":{"start":{"line":97,"column":4},"end":{"line":99,"column":5}},"47":{"start":{"line":98,"column":6},"end":{"line":98,"column":15}},"48":{"start":{"line":101,"column":4},"end":{"line":101,"column":58}},"49":{"start":{"line":104,"column":2},"end":{"line":106,"column":3}},"50":{"start":{"line":105,"column":4},"end":{"line":105,"column":16}},"51":{"start":{"line":108,"column":2},"end":{"line":116,"column":4}},"52":{"start":{"line":120,"column":22},"end":{"line":120,"column":42}},"53":{"start":{"line":121,"column":2},"end":{"line":123,"column":3}},"54":{"start":{"line":122,"column":4},"end":{"line":122,"column":16}},"55":{"start":{"line":125,"column":23},"end":{"line":125,"column":55}},"56":{"start":{"line":126,"column":17},"end":{"line":126,"column":85}},"57":{"start":{"line":128,"column":4},"end":{"line":128,"column":95}},"58":{"start":{"line":130,"column":2},"end":{"line":139,"column":3}},"59":{"start":{"line":138,"column":4},"end":{"line":138,"column":16}},"60":{"start":{"line":141,"column":2},"end":{"line":144,"column":4}},"61":{"start":{"line":148,"column":17},"end":{"line":148,"column":35}},"62":{"start":{"line":149,"column":24},"end":{"line":149,"column":39}},"63":{"start":{"line":151,"column":4},"end":{"line":153,"column":17}},"64":{"start":{"line":155,"column":17},"end":{"line":155,"column":57}},"65":{"start":{"line":157,"column":4},"end":{"line":161,"column":19}},"66":{"start":{"line":163,"column":2},"end":{"line":165,"column":3}},"67":{"start":{"line":164,"column":4},"end":{"line":164,"column":16}},"68":{"start":{"line":167,"column":23},"end":{"line":167,"column":102}},"69":{"start":{"line":168,"column":21},"end":{"line":168,"column":96}},"70":{"start":{"line":169,"column":20},"end":{"line":169,"column":85}},"71":{"start":{"line":170,"column":19},"end":{"line":170,"column":90}},"72":{"start":{"line":171,"column":19},"end":{"line":171,"column":86}},"73":{"start":{"line":172,"column":19},"end":{"line":172,"column":90}},"74":{"start":{"line":174,"column":4},"end":{"line":178,"column":19}},"75":{"start":{"line":180,"column":4},"end":{"line":184,"column":34}},"76":{"start":{"line":186,"column":2},"end":{"line":188,"column":3}},"77":{"start":{"line":187,"column":4},"end":{"line":187,"column":16}},"78":{"start":{"line":190,"column":2},"end":{"line":199,"column":4}}},"fnMap":{"0":{"name":"mapInternalToProviderStatus","decl":{"start":{"line":4,"column":16},"end":{"line":4,"column":43}},"loc":{"start":{"line":4,"column":58},"end":{"line":19,"column":1}}},"1":{"name":"getPayloadCorrelationId","decl":{"start":{"line":21,"column":16},"end":{"line":21,"column":39}},"loc":{"start":{"line":21,"column":84},"end":{"line":24,"column":1}}},"2":{"name":"getEventCorrelationId","decl":{"start":{"line":26,"column":16},"end":{"line":26,"column":37}},"loc":{"start":{"line":28,"column":18},"end":{"line":40,"column":1}}},"3":{"name":"parseWebhookOrderPayload","decl":{"start":{"line":62,"column":16},"end":{"line":62,"column":40}},"loc":{"start":{"line":62,"column":67},"end":{"line":117,"column":1}}},"4":{"name":"parseWebhookStatusPayload","decl":{"start":{"line":119,"column":16},"end":{"line":119,"column":41}},"loc":{"start":{"line":119,"column":68},"end":{"line":145,"column":1}}},"5":{"name":"extractSettlementPayload","decl":{"start":{"line":147,"column":16},"end":{"line":147,"column":40}},"loc":{"start":{"line":147,"column":67},"end":{"line":200,"column":1}}}},"branchMap":{"0":{"loc":{"start":{"line":5,"column":2},"end":{"line":18,"column":3}},"type":"switch","locations":[{"start":{"line":6,"column":4},"end":{"line":7,"column":24}},{"start":{"line":8,"column":4},"end":{"line":9,"column":25}},{"start":{"line":10,"column":4},"end":{"line":11,"column":21}},{"start":{"line":12,"column":4},"end":{"line":13,"column":25}},{"start":{"line":14,"column":4},"end":{"line":15,"column":25}},{"start":{"line":16,"column":4},"end":{"line":17,"column":18}}]},"1":{"loc":{"start":{"line":23,"column":9},"end":{"line":23,"column":97}},"type":"cond-expr","locations":[{"start":{"line":23,"column":73},"end":{"line":23,"column":86}},{"start":{"line":23,"column":89},"end":{"line":23,"column":97}}]},"2":{"loc":{"start":{"line":23,"column":9},"end":{"line":23,"column":70}},"type":"binary-expr","locations":[{"start":{"line":23,"column":9},"end":{"line":23,"column":42}},{"start":{"line":23,"column":46},"end":{"line":23,"column":70}}]},"3":{"loc":{"start":{"line":30,"column":2},"end":{"line":32,"column":3}},"type":"if","locations":[{"start":{"line":30,"column":2},"end":{"line":32,"column":3}},{"start":{},"end":{}}]},"4":{"loc":{"start":{"line":30,"column":6},"end":{"line":30,"column":79}},"type":"binary-expr","locations":[{"start":{"line":30,"column":6},"end":{"line":30,"column":45}},{"start":{"line":30,"column":49},"end":{"line":30,"column":79}}]},"5":{"loc":{"start":{"line":35,"column":2},"end":{"line":37,"column":3}},"type":"if","locations":[{"start":{"line":35,"column":2},"end":{"line":37,"column":3}},{"start":{},"end":{}}]},"6":{"loc":{"start":{"line":35,"column":6},"end":{"line":35,"column":71}},"type":"binary-expr","locations":[{"start":{"line":35,"column":6},"end":{"line":35,"column":14}},{"start":{"line":35,"column":18},"end":{"line":35,"column":45}},{"start":{"line":35,"column":49},"end":{"line":35,"column":71}}]},"7":{"loc":{"start":{"line":64,"column":2},"end":{"line":66,"column":3}},"type":"if","locations":[{"start":{"line":64,"column":2},"end":{"line":66,"column":3}},{"start":{},"end":{}}]},"8":{"loc":{"start":{"line":64,"column":6},"end":{"line":64,"column":80}},"type":"binary-expr","locations":[{"start":{"line":64,"column":6},"end":{"line":64,"column":17}},{"start":{"line":64,"column":21},"end":{"line":64,"column":51}},{"start":{"line":64,"column":55},"end":{"line":64,"column":80}}]},"9":{"loc":{"start":{"line":69,"column":26},"end":{"line":69,"column":98}},"type":"cond-expr","locations":[{"start":{"line":69,"column":70},"end":{"line":69,"column":91}},{"start":{"line":69,"column":94},"end":{"line":69,"column":98}}]},"10":{"loc":{"start":{"line":70,"column":17},"end":{"line":70,"column":92}},"type":"cond-expr","locations":[{"start":{"line":70,"column":53},"end":{"line":70,"column":85}},{"start":{"line":70,"column":88},"end":{"line":70,"column":92}}]},"11":{"loc":{"start":{"line":71,"column":24},"end":{"line":71,"column":92}},"type":"cond-expr","locations":[{"start":{"line":71,"column":66},"end":{"line":71,"column":85}},{"start":{"line":71,"column":88},"end":{"line":71,"column":92}}]},"12":{"loc":{"start":{"line":72,"column":19},"end":{"line":72,"column":74}},"type":"cond-expr","locations":[{"start":{"line":72,"column":56},"end":{"line":72,"column":70}},{"start":{"line":72,"column":73},"end":{"line":72,"column":74}}]},"13":{"loc":{"start":{"line":73,"column":19},"end":{"line":73,"column":74}},"type":"cond-expr","locations":[{"start":{"line":73,"column":56},"end":{"line":73,"column":70}},{"start":{"line":73,"column":73},"end":{"line":73,"column":74}}]},"14":{"loc":{"start":{"line":74,"column":21},"end":{"line":74,"column":83}},"type":"cond-expr","locations":[{"start":{"line":74,"column":60},"end":{"line":74,"column":76}},{"start":{"line":74,"column":79},"end":{"line":74,"column":83}}]},"15":{"loc":{"start":{"line":77,"column":2},"end":{"line":79,"column":3}},"type":"if","locations":[{"start":{"line":77,"column":2},"end":{"line":79,"column":3}},{"start":{},"end":{}}]},"16":{"loc":{"start":{"line":77,"column":6},"end":{"line":77,"column":120}},"type":"binary-expr","locations":[{"start":{"line":77,"column":6},"end":{"line":77,"column":22}},{"start":{"line":77,"column":26},"end":{"line":77,"column":33}},{"start":{"line":77,"column":37},"end":{"line":77,"column":71}},{"start":{"line":77,"column":75},"end":{"line":77,"column":97}},{"start":{"line":77,"column":101},"end":{"line":77,"column":120}}]},"17":{"loc":{"start":{"line":81,"column":2},"end":{"line":83,"column":3}},"type":"if","locations":[{"start":{"line":81,"column":2},"end":{"line":83,"column":3}},{"start":{},"end":{}}]},"18":{"loc":{"start":{"line":81,"column":6},"end":{"line":81,"column":59}},"type":"binary-expr","locations":[{"start":{"line":81,"column":6},"end":{"line":81,"column":32}},{"start":{"line":81,"column":36},"end":{"line":81,"column":59}}]},"19":{"loc":{"start":{"line":87,"column":4},"end":{"line":89,"column":5}},"type":"if","locations":[{"start":{"line":87,"column":4},"end":{"line":89,"column":5}},{"start":{},"end":{}}]},"20":{"loc":{"start":{"line":87,"column":8},"end":{"line":87,"column":64}},"type":"binary-expr","locations":[{"start":{"line":87,"column":8},"end":{"line":87,"column":13}},{"start":{"line":87,"column":17},"end":{"line":87,"column":41}},{"start":{"line":87,"column":45},"end":{"line":87,"column":64}}]},"21":{"loc":{"start":{"line":92,"column":17},"end":{"line":92,"column":63}},"type":"cond-expr","locations":[{"start":{"line":92,"column":48},"end":{"line":92,"column":56}},{"start":{"line":92,"column":59},"end":{"line":92,"column":63}}]},"22":{"loc":{"start":{"line":93,"column":21},"end":{"line":93,"column":75}},"type":"cond-expr","locations":[{"start":{"line":93,"column":56},"end":{"line":93,"column":68}},{"start":{"line":93,"column":71},"end":{"line":93,"column":75}}]},"23":{"loc":{"start":{"line":94,"column":27},"end":{"line":94,"column":93}},"type":"cond-expr","locations":[{"start":{"line":94,"column":68},"end":{"line":94,"column":86}},{"start":{"line":94,"column":89},"end":{"line":94,"column":93}}]},"24":{"loc":{"start":{"line":95,"column":18},"end":{"line":95,"column":71}},"type":"cond-expr","locations":[{"start":{"line":95,"column":50},"end":{"line":95,"column":59}},{"start":{"line":95,"column":62},"end":{"line":95,"column":71}}]},"25":{"loc":{"start":{"line":97,"column":4},"end":{"line":99,"column":5}},"type":"if","locations":[{"start":{"line":97,"column":4},"end":{"line":99,"column":5}},{"start":{},"end":{}}]},"26":{"loc":{"start":{"line":97,"column":8},"end":{"line":97,"column":61}},"type":"binary-expr","locations":[{"start":{"line":97,"column":8},"end":{"line":97,"column":13}},{"start":{"line":97,"column":17},"end":{"line":97,"column":34}},{"start":{"line":97,"column":38},"end":{"line":97,"column":61}}]},"27":{"loc":{"start":{"line":104,"column":2},"end":{"line":106,"column":3}},"type":"if","locations":[{"start":{"line":104,"column":2},"end":{"line":106,"column":3}},{"start":{},"end":{}}]},"28":{"loc":{"start":{"line":121,"column":2},"end":{"line":123,"column":3}},"type":"if","locations":[{"start":{"line":121,"column":2},"end":{"line":123,"column":3}},{"start":{},"end":{}}]},"29":{"loc":{"start":{"line":121,"column":6},"end":{"line":121,"column":83}},"type":"binary-expr","locations":[{"start":{"line":121,"column":6},"end":{"line":121,"column":18}},{"start":{"line":121,"column":22},"end":{"line":121,"column":53}},{"start":{"line":121,"column":57},"end":{"line":121,"column":83}}]},"30":{"loc":{"start":{"line":126,"column":17},"end":{"line":126,"column":85}},"type":"cond-expr","locations":[{"start":{"line":126,"column":59},"end":{"line":126,"column":78}},{"start":{"line":126,"column":81},"end":{"line":126,"column":85}}]},"31":{"loc":{"start":{"line":128,"column":4},"end":{"line":128,"column":95}},"type":"cond-expr","locations":[{"start":{"line":128,"column":55},"end":{"line":128,"column":83}},{"start":{"line":128,"column":86},"end":{"line":128,"column":95}}]},"32":{"loc":{"start":{"line":130,"column":2},"end":{"line":139,"column":3}},"type":"if","locations":[{"start":{"line":130,"column":2},"end":{"line":139,"column":3}},{"start":{},"end":{}}]},"33":{"loc":{"start":{"line":131,"column":4},"end":{"line":136,"column":26}},"type":"binary-expr","locations":[{"start":{"line":131,"column":4},"end":{"line":131,"column":24}},{"start":{"line":132,"column":4},"end":{"line":132,"column":26}},{"start":{"line":133,"column":4},"end":{"line":133,"column":26}},{"start":{"line":134,"column":4},"end":{"line":134,"column":22}},{"start":{"line":135,"column":4},"end":{"line":135,"column":26}},{"start":{"line":136,"column":4},"end":{"line":136,"column":26}}]},"34":{"loc":{"start":{"line":151,"column":4},"end":{"line":153,"column":17}},"type":"cond-expr","locations":[{"start":{"line":152,"column":9},"end":{"line":152,"column":44}},{"start":{"line":153,"column":8},"end":{"line":153,"column":17}}]},"35":{"loc":{"start":{"line":151,"column":4},"end":{"line":151,"column":87}},"type":"binary-expr","locations":[{"start":{"line":151,"column":4},"end":{"line":151,"column":17}},{"start":{"line":151,"column":21},"end":{"line":151,"column":54}},{"start":{"line":151,"column":58},"end":{"line":151,"column":87}}]},"36":{"loc":{"start":{"line":155,"column":17},"end":{"line":155,"column":57}},"type":"cond-expr","locations":[{"start":{"line":155,"column":41},"end":{"line":155,"column":45}},{"start":{"line":155,"column":45},"end":{"line":155,"column":57}}]},"37":{"loc":{"start":{"line":155,"column":17},"end":{"line":155,"column":45}},"type":"binary-expr","locations":[{"start":{"line":155,"column":17},"end":{"line":155,"column":45}},{"start":{"line":155,"column":41},"end":{"line":155,"column":45}}]},"38":{"loc":{"start":{"line":155,"column":17},"end":{"line":155,"column":41}},"type":"cond-expr","locations":[{"start":{"line":155,"column":29},"end":{"line":155,"column":31}},{"start":{"line":155,"column":17},"end":{"line":155,"column":41}}]},"39":{"loc":{"start":{"line":155,"column":17},"end":{"line":155,"column":31}},"type":"binary-expr","locations":[{"start":{"line":155,"column":17},"end":{"line":155,"column":31}},{"start":{"line":155,"column":17},"end":{"line":155,"column":31}}]},"40":{"loc":{"start":{"line":157,"column":4},"end":{"line":161,"column":19}},"type":"cond-expr","locations":[{"start":{"line":158,"column":9},"end":{"line":158,"column":37}},{"start":{"line":159,"column":8},"end":{"line":161,"column":19}}]},"41":{"loc":{"start":{"line":157,"column":4},"end":{"line":157,"column":66}},"type":"binary-expr","locations":[{"start":{"line":157,"column":4},"end":{"line":157,"column":10}},{"start":{"line":157,"column":14},"end":{"line":157,"column":40}},{"start":{"line":157,"column":44},"end":{"line":157,"column":66}}]},"42":{"loc":{"start":{"line":159,"column":8},"end":{"line":161,"column":19}},"type":"cond-expr","locations":[{"start":{"line":160,"column":11},"end":{"line":160,"column":39}},{"start":{"line":161,"column":10},"end":{"line":161,"column":19}}]},"43":{"loc":{"start":{"line":159,"column":8},"end":{"line":159,"column":70}},"type":"binary-expr","locations":[{"start":{"line":159,"column":8},"end":{"line":159,"column":14}},{"start":{"line":159,"column":18},"end":{"line":159,"column":44}},{"start":{"line":159,"column":48},"end":{"line":159,"column":70}}]},"44":{"loc":{"start":{"line":163,"column":2},"end":{"line":165,"column":3}},"type":"if","locations":[{"start":{"line":163,"column":2},"end":{"line":165,"column":3}},{"start":{},"end":{}}]},"45":{"loc":{"start":{"line":167,"column":23},"end":{"line":167,"column":102}},"type":"cond-expr","locations":[{"start":{"line":167,"column":68},"end":{"line":167,"column":90}},{"start":{"line":167,"column":93},"end":{"line":167,"column":102}}]},"46":{"loc":{"start":{"line":168,"column":21},"end":{"line":168,"column":96}},"type":"cond-expr","locations":[{"start":{"line":168,"column":64},"end":{"line":168,"column":84}},{"start":{"line":168,"column":87},"end":{"line":168,"column":96}}]},"47":{"loc":{"start":{"line":169,"column":20},"end":{"line":169,"column":85}},"type":"cond-expr","locations":[{"start":{"line":169,"column":62},"end":{"line":169,"column":81}},{"start":{"line":169,"column":84},"end":{"line":169,"column":85}}]},"48":{"loc":{"start":{"line":170,"column":19},"end":{"line":170,"column":90}},"type":"cond-expr","locations":[{"start":{"line":170,"column":60},"end":{"line":170,"column":78}},{"start":{"line":170,"column":81},"end":{"line":170,"column":90}}]},"49":{"loc":{"start":{"line":171,"column":19},"end":{"line":171,"column":86}},"type":"cond-expr","locations":[{"start":{"line":171,"column":60},"end":{"line":171,"column":78}},{"start":{"line":171,"column":81},"end":{"line":171,"column":86}}]},"50":{"loc":{"start":{"line":172,"column":19},"end":{"line":172,"column":90}},"type":"cond-expr","locations":[{"start":{"line":172,"column":60},"end":{"line":172,"column":78}},{"start":{"line":172,"column":81},"end":{"line":172,"column":90}}]},"51":{"loc":{"start":{"line":174,"column":4},"end":{"line":178,"column":19}},"type":"cond-expr","locations":[{"start":{"line":175,"column":8},"end":{"line":175,"column":33}},{"start":{"line":176,"column":8},"end":{"line":178,"column":19}}]},"52":{"loc":{"start":{"line":176,"column":8},"end":{"line":178,"column":19}},"type":"cond-expr","locations":[{"start":{"line":177,"column":10},"end":{"line":177,"column":33}},{"start":{"line":178,"column":10},"end":{"line":178,"column":19}}]},"53":{"loc":{"start":{"line":180,"column":4},"end":{"line":184,"column":34}},"type":"cond-expr","locations":[{"start":{"line":181,"column":8},"end":{"line":181,"column":27}},{"start":{"line":182,"column":8},"end":{"line":184,"column":34}}]},"54":{"loc":{"start":{"line":182,"column":8},"end":{"line":184,"column":34}},"type":"cond-expr","locations":[{"start":{"line":183,"column":10},"end":{"line":183,"column":28}},{"start":{"line":184,"column":10},"end":{"line":184,"column":34}}]},"55":{"loc":{"start":{"line":186,"column":2},"end":{"line":188,"column":3}},"type":"if","locations":[{"start":{"line":186,"column":2},"end":{"line":188,"column":3}},{"start":{},"end":{}}]},"56":{"loc":{"start":{"line":186,"column":6},"end":{"line":186,"column":85}},"type":"binary-expr","locations":[{"start":{"line":186,"column":6},"end":{"line":186,"column":19}},{"start":{"line":186,"column":23},"end":{"line":186,"column":53}},{"start":{"line":186,"column":57},"end":{"line":186,"column":85}}]}},"s":{"0":1,"1":1,"2":1,"3":1,"4":1,"5":1,"6":1,"7":7,"8":1,"9":1,"10":1,"11":1,"12":1,"13":2,"14":3,"15":3,"16":4,"17":1,"18":3,"19":3,"20":2,"21":1,"22":8,"23":8,"24":2,"25":6,"26":6,"27":6,"28":6,"29":6,"30":6,"31":6,"32":6,"33":6,"34":2,"35":4,"36":1,"37":3,"38":3,"39":5,"40":2,"41":3,"42":3,"43":3,"44":3,"45":3,"46":3,"47":1,"48":2,"49":3,"50":1,"51":2,"52":6,"53":6,"54":2,"55":4,"56":4,"57":4,"58":4,"59":2,"60":2,"61":7,"62":7,"63":7,"64":7,"65":7,"66":7,"67":1,"68":6,"69":6,"70":6,"71":6,"72":6,"73":6,"74":6,"75":6,"76":6,"77":3,"78":3},"f":{"0":7,"1":3,"2":4,"3":8,"4":6,"5":7},"b":{"0":[1,1,1,1,1,2],"1":[2,1],"2":[3,2],"3":[1,3],"4":[4,1],"5":[2,1],"6":[3,2,2],"7":[2,6],"8":[8,7,6],"9":[5,1],"10":[5,1],"11":[5,1],"12":[1,5],"13":[1,5],"14":[5,1],"15":[2,4],"16":[6,5,5,4,4],"17":[1,3],"18":[4,4],"19":[2,3],"20":[5,4,3],"21":[2,1],"22":[2,1],"23":[2,1],"24":[1,2],"25":[1,2],"26":[3,2,2],"27":[1,2],"28":[2,4],"29":[6,5,5],"30":[3,1],"31":[1,3],"32":[2,2],"33":[4,3,3,3,2,2],"34":[2,5],"35":[7,3,3],"36":[1,6],"37":[7,7],"38":[5,2],"39":[7,7],"40":[4,3],"41":[7,5,4],"42":[2,1],"43":[3,2,2],"44":[1,6],"45":[5,1],"46":[5,1],"47":[1,5],"48":[5,1],"49":[1,5],"50":[1,5],"51":[1,5],"52":[2,3],"53":[1,5],"54":[1,4],"55":[3,3],"56":[6,5,4]}}
}
