{"total": {"lines":{"total":79,"covered":74,"skipped":0,"pct":93.67},"statements":{"total":79,"covered":74,"skipped":0,"pct":93.67},"functions":{"total":6,"covered":6,"skipped":0,"pct":100},"branches":{"total":134,"covered":119,"skipped":0,"pct":88.8},"branchesTrue":{"total":0,"covered":0,"skipped":0,"pct":"Unknown"}}
,"/home/obsidian/Projects/BackyardBBQ/apps/workers/src/helpers.ts": {"lines":{"total":79,"covered":74,"skipped":0,"pct":93.67},"functions":{"total":6,"covered":6,"skipped":0,"pct":100},"statements":{"total":79,"covered":74,"skipped":0,"pct":93.67},"branches":{"total":134,"covered":119,"skipped":0,"pct":88.8}}
}
