TN:
SF:apps/workers/src/helpers.ts
FN:4,mapInternalToProviderStatus
FN:21,getPayloadCorrelationId
FN:26,getEventCorrelationId
FN:62,parseWebhookOrderPayload
FN:119,parseWebhookStatusPayload
FN:147,extractSettlementPayload
FNF:6
FNH:6
FNDA:7,mapInternalToProviderStatus
FNDA:3,getPayloadCorrelationId
FNDA:4,getEventCorrelationId
FNDA:8,parseWebhookOrderPayload
FNDA:6,parseWebhookStatusPayload
FNDA:7,extractSettlementPayload
DA:2,1
DA:4,1
DA:5,7
DA:7,1
DA:9,1
DA:11,1
DA:13,1
DA:15,1
DA:17,2
DA:21,1
DA:22,3
DA:23,3
DA:26,1
DA:30,4
DA:31,1
DA:34,3
DA:35,3
DA:36,2
DA:39,1
DA:62,1
DA:63,8
DA:64,8
DA:65,2
DA:68,6
DA:69,6
DA:70,6
DA:71,6
DA:72,6
DA:73,6
DA:74,6
DA:75,6
DA:77,6
DA:78,2
DA:81,4
DA:82,1
DA:85,3
DA:86,3
DA:87,5
DA:88,2
DA:91,3
DA:92,3
DA:93,3
DA:94,3
DA:95,3
DA:97,3
DA:98,1
DA:101,2
DA:104,3
DA:105,1
DA:108,2
DA:119,1
DA:120,6
DA:121,6
DA:122,2
DA:125,4
DA:126,4
DA:128,4
DA:130,4
DA:138,2
DA:141,2
DA:147,1
DA:148,7
DA:149,7
DA:151,7
DA:155,7
DA:157,7
DA:163,7
DA:164,1
DA:167,6
DA:168,6
DA:169,6
DA:170,6
DA:171,6
DA:172,6
DA:174,6
DA:180,6
DA:186,6
DA:187,3
DA:190,3
LF:79
LH:79
BRDA:5,0,0,1
BRDA:5,0,1,1
BRDA:5,0,2,1
BRDA:5,0,3,1
BRDA:5,0,4,1
BRDA:5,0,5,2
BRDA:23,1,0,2
BRDA:23,1,1,1
BRDA:23,2,0,3
BRDA:23,2,1,2
BRDA:30,3,0,1
BRDA:30,3,1,3
BRDA:30,4,0,4
BRDA:30,4,1,1
BRDA:35,5,0,2
BRDA:35,5,1,1
BRDA:35,6,0,3
BRDA:35,6,1,2
BRDA:35,6,2,2
BRDA:64,7,0,2
BRDA:64,7,1,6
BRDA:64,8,0,8
BRDA:64,8,1,7
BRDA:64,8,2,6
BRDA:69,9,0,5
BRDA:69,9,1,1
BRDA:70,10,0,5
BRDA:70,10,1,1
BRDA:71,11,0,5
BRDA:71,11,1,1
BRDA:72,12,0,1
BRDA:72,12,1,5
BRDA:73,13,0,1
BRDA:73,13,1,5
BRDA:74,14,0,5
BRDA:74,14,1,1
BRDA:77,15,0,2
BRDA:77,15,1,4
BRDA:77,16,0,6
BRDA:77,16,1,5
BRDA:77,16,2,5
BRDA:77,16,3,4
BRDA:77,16,4,4
BRDA:81,17,0,1
BRDA:81,17,1,3
BRDA:81,18,0,4
BRDA:81,18,1,4
BRDA:87,19,0,2
BRDA:87,19,1,3
BRDA:87,20,0,5
BRDA:87,20,1,4
BRDA:87,20,2,3
BRDA:92,21,0,2
BRDA:92,21,1,1
BRDA:93,22,0,2
BRDA:93,22,1,1
BRDA:94,23,0,2
BRDA:94,23,1,1
BRDA:95,24,0,1
BRDA:95,24,1,2
BRDA:97,25,0,1
BRDA:97,25,1,2
BRDA:97,26,0,3
BRDA:97,26,1,2
BRDA:97,26,2,2
BRDA:104,27,0,1
BRDA:104,27,1,2
BRDA:121,28,0,2
BRDA:121,28,1,4
BRDA:121,29,0,6
BRDA:121,29,1,5
BRDA:121,29,2,5
BRDA:126,30,0,3
BRDA:126,30,1,1
BRDA:128,31,0,1
BRDA:128,31,1,3
BRDA:130,32,0,2
BRDA:130,32,1,2
BRDA:131,33,0,4
BRDA:131,33,1,3
BRDA:131,33,2,3
BRDA:131,33,3,3
BRDA:131,33,4,2
BRDA:131,33,5,2
BRDA:151,34,0,2
BRDA:151,34,1,5
BRDA:151,35,0,7
BRDA:151,35,1,3
BRDA:151,35,2,3
BRDA:155,36,0,1
BRDA:155,36,1,6
BRDA:155,37,0,7
BRDA:155,37,1,7
BRDA:155,38,0,5
BRDA:155,38,1,2
BRDA:155,39,0,7
BRDA:155,39,1,7
BRDA:157,40,0,4
BRDA:157,40,1,3
BRDA:157,41,0,7
BRDA:157,41,1,5
BRDA:157,41,2,4
BRDA:159,42,0,2
BRDA:159,42,1,1
BRDA:159,43,0,3
BRDA:159,43,1,2
BRDA:159,43,2,2
BRDA:163,44,0,1
BRDA:163,44,1,6
BRDA:167,45,0,5
BRDA:167,45,1,1
BRDA:168,46,0,5
BRDA:168,46,1,1
BRDA:169,47,0,1
BRDA:169,47,1,5
BRDA:170,48,0,5
BRDA:170,48,1,1
BRDA:171,49,0,1
BRDA:171,49,1,5
BRDA:172,50,0,1
BRDA:172,50,1,5
BRDA:174,51,0,1
BRDA:174,51,1,5
BRDA:176,52,0,2
BRDA:176,52,1,3
BRDA:180,53,0,1
BRDA:180,53,1,5
BRDA:182,54,0,1
BRDA:182,54,1,4
BRDA:186,55,0,3
BRDA:186,55,1,3
BRDA:186,56,0,6
BRDA:186,56,1,5
BRDA:186,56,2,4
BRF:134
BRH:134
end_of_record
